Copyright 1986-2015 Xilinx, Inc. All Rights Reserved.
--------------------------------------------------------------------------------------
| Tool Version : Vivado v.2015.2.1 (win64) Build 1302555 Wed Aug  5 13:06:02 MDT 2015
| Date         : Sat Oct 22 01:23:44 2016
| Host         : FUTURE2 running 64-bit Service Pack 1  (build 7601)
| Command      : report_drc
--------------------------------------------------------------------------------------

Report DRC

Table of Contents
-----------------
1. REPORT SUMMARY
2. REPORT DETAILS

1. REPORT SUMMARY
-----------------
            Netlist: netlist
          Floorplan: design_1
      Design limits: <entire design considered>
           Ruledeck: default
             Max violations: <unlimited>
             Violations found: 1

2. REPORT DETAILS
-----------------
ZPS7-1#1 Warning
PS7 block required  
The PS7 cell must be used in this Zynq design in order to enable correct default configuration.
Related violations: <none>


