
*** Running vivado
    with args -log multiplier_35_1dsp_ip.vds -m64 -mode batch -messageDb vivado.pb -notrace -source multiplier_35_1dsp_ip.tcl


****** Vivado v2015.2.1 (64-bit)
  **** SW Build 1302555 on Wed Aug  5 13:06:02 MDT 2015
  **** IP Build 1291990 on Mon Jul 27 03:18:52 MDT 2015
    ** Copyright 1986-2015 Xilinx, Inc. All Rights Reserved.

source multiplier_35_1dsp_ip.tcl -notrace
INFO: [IP_Flow 19-234] Refreshing IP repositories
INFO: [IP_Flow 19-1700] Loaded user IP repository 'e:/jiaweiwei/Project/OFDM_Synchronization/OFDM_Synchronization.srcs/sources_1/ip/User Repository'.
INFO: [IP_Flow 19-2313] Loaded Vivado IP repository 'D:/Xilinx/15.2/Vivado/2015.2/data/ip'.
WARNING: [IP_Flow 19-3664] IP 'multiplier_35_1dsp_ip' generated file not found 'e:/jiaweiwei/Project/OFDM_Synchronization/OFDM_Synchronization.srcs/sources_1/ip/multiplier_35_1dsp_ip/multiplier_35_1dsp_ip.dcp'. Please regenerate to continue.
WARNING: [IP_Flow 19-3664] IP 'multiplier_35_1dsp_ip' generated file not found 'e:/jiaweiwei/Project/OFDM_Synchronization/OFDM_Synchronization.srcs/sources_1/ip/multiplier_35_1dsp_ip/multiplier_35_1dsp_ip_stub.v'. Please regenerate to continue.
WARNING: [IP_Flow 19-3664] IP 'multiplier_35_1dsp_ip' generated file not found 'e:/jiaweiwei/Project/OFDM_Synchronization/OFDM_Synchronization.srcs/sources_1/ip/multiplier_35_1dsp_ip/multiplier_35_1dsp_ip_stub.vhdl'. Please regenerate to continue.
WARNING: [IP_Flow 19-3664] IP 'multiplier_35_1dsp_ip' generated file not found 'e:/jiaweiwei/Project/OFDM_Synchronization/OFDM_Synchronization.srcs/sources_1/ip/multiplier_35_1dsp_ip/multiplier_35_1dsp_ip_funcsim.v'. Please regenerate to continue.
WARNING: [IP_Flow 19-3664] IP 'multiplier_35_1dsp_ip' generated file not found 'e:/jiaweiwei/Project/OFDM_Synchronization/OFDM_Synchronization.srcs/sources_1/ip/multiplier_35_1dsp_ip/multiplier_35_1dsp_ip_funcsim.vhdl'. Please regenerate to continue.
Command: synth_design -top multiplier_35_1dsp_ip -part xc7z045fbg676-3 -mode out_of_context
Starting synth_design
Attempting to get a license for feature 'Synthesis' and/or device 'xc7z045'
INFO: [Common 17-349] Got license for feature 'Synthesis' and/or device 'xc7z045'
INFO: [Common 17-1223] The version limit for your license is '2017.01' and will expire in 21 days. A version limit expiration means that, although you may be able to continue to use the current version of tools or IP with this license, you will not be eligible for any updates or new releases.
---------------------------------------------------------------------------------
Starting Synthesize : Time (s): cpu = 00:00:06 ; elapsed = 00:00:06 . Memory (MB): peak = 248.953 ; gain = 62.906
---------------------------------------------------------------------------------
INFO: [Synth 8-638] synthesizing module 'multiplier_35_1dsp_ip' [e:/jiaweiwei/Project/OFDM_Synchronization/OFDM_Synchronization.srcs/sources_1/ip/multiplier_35_1dsp_ip/synth/multiplier_35_1dsp_ip.v:57]
INFO: [Synth 8-638] synthesizing module 'multiplier_35_1dsp' [e:/jiaweiwei/Project/OFDM_Synchronization/OFDM_Synchronization.srcs/sources_1/ip/multiplier_35_1dsp_ip/code/multiplier_35_1dsp.v:23]
INFO: [Synth 8-638] synthesizing module 'dsp48_mul_ip' [e:/jiaweiwei/Project/OFDM_Synchronization/OFDM_Synchronization.srcs/sources_1/ip/multiplier_35_1dsp_ip/ip/dsp48_mul_ip/synth/dsp48_mul_ip.vhd:68]
INFO: [Synth 8-3491] module 'xbip_dsp48_macro_v3_0' declared at 'e:/jiaweiwei/Project/OFDM_Synchronization/OFDM_Synchronization.srcs/sources_1/ip/multiplier_35_1dsp_ip/xbip_dsp48_macro_v3_0/ip/dsp48_mul_ip/xbip_dsp48_macro_v3_0/hdl/xbip_dsp48_macro_v3_0.vhd:109' bound to instance 'U0' of component 'xbip_dsp48_macro_v3_0' [e:/jiaweiwei/Project/OFDM_Synchronization/OFDM_Synchronization.srcs/sources_1/ip/multiplier_35_1dsp_ip/ip/dsp48_mul_ip/synth/dsp48_mul_ip.vhd:201]
INFO: [Synth 8-638] synthesizing module 'xbip_dsp48_macro_v3_0' [e:/jiaweiwei/Project/OFDM_Synchronization/OFDM_Synchronization.srcs/sources_1/ip/multiplier_35_1dsp_ip/xbip_dsp48_macro_v3_0/ip/dsp48_mul_ip/xbip_dsp48_macro_v3_0/hdl/xbip_dsp48_macro_v3_0.vhd:229]
INFO: [Synth 8-3491] module 'xbip_dsp48_macro_v3_0_viv' declared at 'e:/jiaweiwei/Project/OFDM_Synchronization/OFDM_Synchronization.srcs/sources_1/ip/multiplier_35_1dsp_ip/xbip_dsp48_macro_v3_0/ip/dsp48_mul_ip/xbip_dsp48_macro_v3_0/hdl/xbip_dsp48_macro_v3_0_vh_rfs.vhd:4318' bound to instance 'i_synth' of component 'xbip_dsp48_macro_v3_0_viv' [e:/jiaweiwei/Project/OFDM_Synchronization/OFDM_Synchronization.srcs/sources_1/ip/multiplier_35_1dsp_ip/xbip_dsp48_macro_v3_0/ip/dsp48_mul_ip/xbip_dsp48_macro_v3_0/hdl/xbip_dsp48_macro_v3_0.vhd:235]
INFO: [Synth 8-638] synthesizing module 'xbip_dsp48_macro_v3_0_viv' [e:/jiaweiwei/Project/OFDM_Synchronization/OFDM_Synchronization.srcs/sources_1/ip/multiplier_35_1dsp_ip/xbip_dsp48_macro_v3_0/ip/dsp48_mul_ip/xbip_dsp48_macro_v3_0/hdl/xbip_dsp48_macro_v3_0_vh_rfs.vhd:4450]
WARNING: [Synth 8-312] ignoring unsynthesizable construct: assertion statement [e:/jiaweiwei/Project/OFDM_Synchronization/OFDM_Synchronization.srcs/sources_1/ip/multiplier_35_1dsp_ip/xbip_dsp48_macro_v3_0/ip/dsp48_mul_ip/xbip_dsp48_macro_v3_0/hdl/xbip_dsp48_macro_v3_0_vh_rfs.vhd:818]
WARNING: [Synth 8-312] ignoring unsynthesizable construct: assertion statement [e:/jiaweiwei/Project/OFDM_Synchronization/OFDM_Synchronization.srcs/sources_1/ip/multiplier_35_1dsp_ip/xbip_dsp48_macro_v3_0/ip/dsp48_mul_ip/xbip_dsp48_macro_v3_0/hdl/xbip_dsp48_macro_v3_0_vh_rfs.vhd:821]
WARNING: [Synth 8-312] ignoring unsynthesizable construct: assertion statement [e:/jiaweiwei/Project/OFDM_Synchronization/OFDM_Synchronization.srcs/sources_1/ip/multiplier_35_1dsp_ip/xbip_dsp48_macro_v3_0/ip/dsp48_mul_ip/xbip_dsp48_macro_v3_0/hdl/xbip_dsp48_macro_v3_0_vh_rfs.vhd:824]
WARNING: [Synth 8-312] ignoring unsynthesizable construct: assertion statement [e:/jiaweiwei/Project/OFDM_Synchronization/OFDM_Synchronization.srcs/sources_1/ip/multiplier_35_1dsp_ip/xbip_dsp48_macro_v3_0/ip/dsp48_mul_ip/xbip_dsp48_macro_v3_0/hdl/xbip_dsp48_macro_v3_0_vh_rfs.vhd:828]
WARNING: [Synth 8-312] ignoring unsynthesizable construct: assertion statement [e:/jiaweiwei/Project/OFDM_Synchronization/OFDM_Synchronization.srcs/sources_1/ip/multiplier_35_1dsp_ip/xbip_dsp48_macro_v3_0/ip/dsp48_mul_ip/xbip_dsp48_macro_v3_0/hdl/xbip_dsp48_macro_v3_0_vh_rfs.vhd:833]
WARNING: [Synth 8-312] ignoring unsynthesizable construct: assertion statement [e:/jiaweiwei/Project/OFDM_Synchronization/OFDM_Synchronization.srcs/sources_1/ip/multiplier_35_1dsp_ip/xbip_dsp48_macro_v3_0/ip/dsp48_mul_ip/xbip_dsp48_macro_v3_0/hdl/xbip_dsp48_macro_v3_0_vh_rfs.vhd:837]
WARNING: [Synth 8-312] ignoring unsynthesizable construct: assertion statement [e:/jiaweiwei/Project/OFDM_Synchronization/OFDM_Synchronization.srcs/sources_1/ip/multiplier_35_1dsp_ip/xbip_dsp48_macro_v3_0/ip/dsp48_mul_ip/xbip_dsp48_macro_v3_0/hdl/xbip_dsp48_macro_v3_0_vh_rfs.vhd:845]
WARNING: [Synth 8-312] ignoring unsynthesizable construct: assertion statement [e:/jiaweiwei/Project/OFDM_Synchronization/OFDM_Synchronization.srcs/sources_1/ip/multiplier_35_1dsp_ip/xbip_dsp48_macro_v3_0/ip/dsp48_mul_ip/xbip_dsp48_macro_v3_0/hdl/xbip_dsp48_macro_v3_0_vh_rfs.vhd:848]
WARNING: [Synth 8-312] ignoring unsynthesizable construct: assertion statement [e:/jiaweiwei/Project/OFDM_Synchronization/OFDM_Synchronization.srcs/sources_1/ip/multiplier_35_1dsp_ip/xbip_dsp48_macro_v3_0/ip/dsp48_mul_ip/xbip_dsp48_macro_v3_0/hdl/xbip_dsp48_macro_v3_0_vh_rfs.vhd:851]
WARNING: [Synth 8-312] ignoring unsynthesizable construct: assertion statement [e:/jiaweiwei/Project/OFDM_Synchronization/OFDM_Synchronization.srcs/sources_1/ip/multiplier_35_1dsp_ip/xbip_dsp48_macro_v3_0/ip/dsp48_mul_ip/xbip_dsp48_macro_v3_0/hdl/xbip_dsp48_macro_v3_0_vh_rfs.vhd:854]
INFO: [Synth 8-638] synthesizing module 'xbip_dsp48_macro_synth' [e:/jiaweiwei/Project/OFDM_Synchronization/OFDM_Synchronization.srcs/sources_1/ip/multiplier_35_1dsp_ip/xbip_dsp48_macro_v3_0/ip/dsp48_mul_ip/xbip_dsp48_macro_v3_0/hdl/xbip_dsp48_macro_v3_0_vh_rfs.vhd:3223]
WARNING: [Synth 8-312] ignoring unsynthesizable construct: assertion statement [e:/jiaweiwei/Project/OFDM_Synchronization/OFDM_Synchronization.srcs/sources_1/ip/multiplier_35_1dsp_ip/xbip_utils_v3_0/ip/dsp48_mul_ip/xbip_utils_v3_0/hdl/xbip_utils_v3_0_vh_rfs.vhd:581]
WARNING: [Synth 8-312] ignoring unsynthesizable construct: assertion statement [e:/jiaweiwei/Project/OFDM_Synchronization/OFDM_Synchronization.srcs/sources_1/ip/multiplier_35_1dsp_ip/xbip_utils_v3_0/ip/dsp48_mul_ip/xbip_utils_v3_0/hdl/xbip_utils_v3_0_vh_rfs.vhd:584]
INFO: [Synth 8-5534] Detected attribute (* rom_style = "distributed" *) [e:/jiaweiwei/Project/OFDM_Synchronization/OFDM_Synchronization.srcs/sources_1/ip/multiplier_35_1dsp_ip/xbip_dsp48_macro_v3_0/ip/dsp48_mul_ip/xbip_dsp48_macro_v3_0/hdl/xbip_dsp48_macro_v3_0_vh_rfs.vhd:3392]
INFO: [Synth 8-638] synthesizing module 'xbip_pipe_v3_0_viv' [e:/jiaweiwei/Project/OFDM_Synchronization/OFDM_Synchronization.srcs/sources_1/ip/multiplier_35_1dsp_ip/xbip_pipe_v3_0/ip/dsp48_mul_ip/xbip_pipe_v3_0/hdl/xbip_pipe_v3_0_vh_rfs.vhd:299]
WARNING: [Synth 8-312] ignoring unsynthesizable construct: assertion statement [e:/jiaweiwei/Project/OFDM_Synchronization/OFDM_Synchronization.srcs/sources_1/ip/multiplier_35_1dsp_ip/xbip_utils_v3_0/ip/dsp48_mul_ip/xbip_utils_v3_0/hdl/xbip_utils_v3_0_vh_rfs.vhd:581]
WARNING: [Synth 8-312] ignoring unsynthesizable construct: assertion statement [e:/jiaweiwei/Project/OFDM_Synchronization/OFDM_Synchronization.srcs/sources_1/ip/multiplier_35_1dsp_ip/xbip_utils_v3_0/ip/dsp48_mul_ip/xbip_utils_v3_0/hdl/xbip_utils_v3_0_vh_rfs.vhd:584]
INFO: [Synth 8-256] done synthesizing module 'xbip_pipe_v3_0_viv' (1#1) [e:/jiaweiwei/Project/OFDM_Synchronization/OFDM_Synchronization.srcs/sources_1/ip/multiplier_35_1dsp_ip/xbip_pipe_v3_0/ip/dsp48_mul_ip/xbip_pipe_v3_0/hdl/xbip_pipe_v3_0_vh_rfs.vhd:299]
INFO: [Synth 8-638] synthesizing module 'xbip_pipe_v3_0_viv__parameterized0' [e:/jiaweiwei/Project/OFDM_Synchronization/OFDM_Synchronization.srcs/sources_1/ip/multiplier_35_1dsp_ip/xbip_pipe_v3_0/ip/dsp48_mul_ip/xbip_pipe_v3_0/hdl/xbip_pipe_v3_0_vh_rfs.vhd:299]
WARNING: [Synth 8-312] ignoring unsynthesizable construct: assertion statement [e:/jiaweiwei/Project/OFDM_Synchronization/OFDM_Synchronization.srcs/sources_1/ip/multiplier_35_1dsp_ip/xbip_utils_v3_0/ip/dsp48_mul_ip/xbip_utils_v3_0/hdl/xbip_utils_v3_0_vh_rfs.vhd:581]
WARNING: [Synth 8-312] ignoring unsynthesizable construct: assertion statement [e:/jiaweiwei/Project/OFDM_Synchronization/OFDM_Synchronization.srcs/sources_1/ip/multiplier_35_1dsp_ip/xbip_utils_v3_0/ip/dsp48_mul_ip/xbip_utils_v3_0/hdl/xbip_utils_v3_0_vh_rfs.vhd:584]
INFO: [Synth 8-256] done synthesizing module 'xbip_pipe_v3_0_viv__parameterized0' (1#1) [e:/jiaweiwei/Project/OFDM_Synchronization/OFDM_Synchronization.srcs/sources_1/ip/multiplier_35_1dsp_ip/xbip_pipe_v3_0/ip/dsp48_mul_ip/xbip_pipe_v3_0/hdl/xbip_pipe_v3_0_vh_rfs.vhd:299]
INFO: [Synth 8-638] synthesizing module 'xbip_pipe_v3_0_viv__parameterized1' [e:/jiaweiwei/Project/OFDM_Synchronization/OFDM_Synchronization.srcs/sources_1/ip/multiplier_35_1dsp_ip/xbip_pipe_v3_0/ip/dsp48_mul_ip/xbip_pipe_v3_0/hdl/xbip_pipe_v3_0_vh_rfs.vhd:299]
WARNING: [Synth 8-312] ignoring unsynthesizable construct: assertion statement [e:/jiaweiwei/Project/OFDM_Synchronization/OFDM_Synchronization.srcs/sources_1/ip/multiplier_35_1dsp_ip/xbip_utils_v3_0/ip/dsp48_mul_ip/xbip_utils_v3_0/hdl/xbip_utils_v3_0_vh_rfs.vhd:581]
WARNING: [Synth 8-312] ignoring unsynthesizable construct: assertion statement [e:/jiaweiwei/Project/OFDM_Synchronization/OFDM_Synchronization.srcs/sources_1/ip/multiplier_35_1dsp_ip/xbip_utils_v3_0/ip/dsp48_mul_ip/xbip_utils_v3_0/hdl/xbip_utils_v3_0_vh_rfs.vhd:584]
INFO: [Synth 8-256] done synthesizing module 'xbip_pipe_v3_0_viv__parameterized1' (1#1) [e:/jiaweiwei/Project/OFDM_Synchronization/OFDM_Synchronization.srcs/sources_1/ip/multiplier_35_1dsp_ip/xbip_pipe_v3_0/ip/dsp48_mul_ip/xbip_pipe_v3_0/hdl/xbip_pipe_v3_0_vh_rfs.vhd:299]
INFO: [Synth 8-638] synthesizing module 'xbip_pipe_v3_0_viv__parameterized2' [e:/jiaweiwei/Project/OFDM_Synchronization/OFDM_Synchronization.srcs/sources_1/ip/multiplier_35_1dsp_ip/xbip_pipe_v3_0/ip/dsp48_mul_ip/xbip_pipe_v3_0/hdl/xbip_pipe_v3_0_vh_rfs.vhd:299]
WARNING: [Synth 8-312] ignoring unsynthesizable construct: assertion statement [e:/jiaweiwei/Project/OFDM_Synchronization/OFDM_Synchronization.srcs/sources_1/ip/multiplier_35_1dsp_ip/xbip_utils_v3_0/ip/dsp48_mul_ip/xbip_utils_v3_0/hdl/xbip_utils_v3_0_vh_rfs.vhd:581]
WARNING: [Synth 8-312] ignoring unsynthesizable construct: assertion statement [e:/jiaweiwei/Project/OFDM_Synchronization/OFDM_Synchronization.srcs/sources_1/ip/multiplier_35_1dsp_ip/xbip_utils_v3_0/ip/dsp48_mul_ip/xbip_utils_v3_0/hdl/xbip_utils_v3_0_vh_rfs.vhd:584]
INFO: [Synth 8-256] done synthesizing module 'xbip_pipe_v3_0_viv__parameterized2' (1#1) [e:/jiaweiwei/Project/OFDM_Synchronization/OFDM_Synchronization.srcs/sources_1/ip/multiplier_35_1dsp_ip/xbip_pipe_v3_0/ip/dsp48_mul_ip/xbip_pipe_v3_0/hdl/xbip_pipe_v3_0_vh_rfs.vhd:299]
INFO: [Synth 8-638] synthesizing module 'xbip_pipe_v3_0_viv__parameterized3' [e:/jiaweiwei/Project/OFDM_Synchronization/OFDM_Synchronization.srcs/sources_1/ip/multiplier_35_1dsp_ip/xbip_pipe_v3_0/ip/dsp48_mul_ip/xbip_pipe_v3_0/hdl/xbip_pipe_v3_0_vh_rfs.vhd:299]
WARNING: [Synth 8-312] ignoring unsynthesizable construct: assertion statement [e:/jiaweiwei/Project/OFDM_Synchronization/OFDM_Synchronization.srcs/sources_1/ip/multiplier_35_1dsp_ip/xbip_utils_v3_0/ip/dsp48_mul_ip/xbip_utils_v3_0/hdl/xbip_utils_v3_0_vh_rfs.vhd:581]
WARNING: [Synth 8-312] ignoring unsynthesizable construct: assertion statement [e:/jiaweiwei/Project/OFDM_Synchronization/OFDM_Synchronization.srcs/sources_1/ip/multiplier_35_1dsp_ip/xbip_utils_v3_0/ip/dsp48_mul_ip/xbip_utils_v3_0/hdl/xbip_utils_v3_0_vh_rfs.vhd:584]
INFO: [Synth 8-256] done synthesizing module 'xbip_pipe_v3_0_viv__parameterized3' (1#1) [e:/jiaweiwei/Project/OFDM_Synchronization/OFDM_Synchronization.srcs/sources_1/ip/multiplier_35_1dsp_ip/xbip_pipe_v3_0/ip/dsp48_mul_ip/xbip_pipe_v3_0/hdl/xbip_pipe_v3_0_vh_rfs.vhd:299]
INFO: [Synth 8-638] synthesizing module 'xbip_pipe_v3_0_viv__parameterized4' [e:/jiaweiwei/Project/OFDM_Synchronization/OFDM_Synchronization.srcs/sources_1/ip/multiplier_35_1dsp_ip/xbip_pipe_v3_0/ip/dsp48_mul_ip/xbip_pipe_v3_0/hdl/xbip_pipe_v3_0_vh_rfs.vhd:299]
WARNING: [Synth 8-312] ignoring unsynthesizable construct: assertion statement [e:/jiaweiwei/Project/OFDM_Synchronization/OFDM_Synchronization.srcs/sources_1/ip/multiplier_35_1dsp_ip/xbip_utils_v3_0/ip/dsp48_mul_ip/xbip_utils_v3_0/hdl/xbip_utils_v3_0_vh_rfs.vhd:581]
WARNING: [Synth 8-312] ignoring unsynthesizable construct: assertion statement [e:/jiaweiwei/Project/OFDM_Synchronization/OFDM_Synchronization.srcs/sources_1/ip/multiplier_35_1dsp_ip/xbip_utils_v3_0/ip/dsp48_mul_ip/xbip_utils_v3_0/hdl/xbip_utils_v3_0_vh_rfs.vhd:584]
INFO: [Synth 8-256] done synthesizing module 'xbip_pipe_v3_0_viv__parameterized4' (1#1) [e:/jiaweiwei/Project/OFDM_Synchronization/OFDM_Synchronization.srcs/sources_1/ip/multiplier_35_1dsp_ip/xbip_pipe_v3_0/ip/dsp48_mul_ip/xbip_pipe_v3_0/hdl/xbip_pipe_v3_0_vh_rfs.vhd:299]
INFO: [Synth 8-638] synthesizing module 'xbip_pipe_v3_0_viv__parameterized5' [e:/jiaweiwei/Project/OFDM_Synchronization/OFDM_Synchronization.srcs/sources_1/ip/multiplier_35_1dsp_ip/xbip_pipe_v3_0/ip/dsp48_mul_ip/xbip_pipe_v3_0/hdl/xbip_pipe_v3_0_vh_rfs.vhd:299]
WARNING: [Synth 8-312] ignoring unsynthesizable construct: assertion statement [e:/jiaweiwei/Project/OFDM_Synchronization/OFDM_Synchronization.srcs/sources_1/ip/multiplier_35_1dsp_ip/xbip_utils_v3_0/ip/dsp48_mul_ip/xbip_utils_v3_0/hdl/xbip_utils_v3_0_vh_rfs.vhd:581]
WARNING: [Synth 8-312] ignoring unsynthesizable construct: assertion statement [e:/jiaweiwei/Project/OFDM_Synchronization/OFDM_Synchronization.srcs/sources_1/ip/multiplier_35_1dsp_ip/xbip_utils_v3_0/ip/dsp48_mul_ip/xbip_utils_v3_0/hdl/xbip_utils_v3_0_vh_rfs.vhd:584]
INFO: [Synth 8-256] done synthesizing module 'xbip_pipe_v3_0_viv__parameterized5' (1#1) [e:/jiaweiwei/Project/OFDM_Synchronization/OFDM_Synchronization.srcs/sources_1/ip/multiplier_35_1dsp_ip/xbip_pipe_v3_0/ip/dsp48_mul_ip/xbip_pipe_v3_0/hdl/xbip_pipe_v3_0_vh_rfs.vhd:299]
INFO: [Synth 8-638] synthesizing module 'xbip_pipe_v3_0_viv__parameterized6' [e:/jiaweiwei/Project/OFDM_Synchronization/OFDM_Synchronization.srcs/sources_1/ip/multiplier_35_1dsp_ip/xbip_pipe_v3_0/ip/dsp48_mul_ip/xbip_pipe_v3_0/hdl/xbip_pipe_v3_0_vh_rfs.vhd:299]
WARNING: [Synth 8-312] ignoring unsynthesizable construct: assertion statement [e:/jiaweiwei/Project/OFDM_Synchronization/OFDM_Synchronization.srcs/sources_1/ip/multiplier_35_1dsp_ip/xbip_utils_v3_0/ip/dsp48_mul_ip/xbip_utils_v3_0/hdl/xbip_utils_v3_0_vh_rfs.vhd:581]
WARNING: [Synth 8-312] ignoring unsynthesizable construct: assertion statement [e:/jiaweiwei/Project/OFDM_Synchronization/OFDM_Synchronization.srcs/sources_1/ip/multiplier_35_1dsp_ip/xbip_utils_v3_0/ip/dsp48_mul_ip/xbip_utils_v3_0/hdl/xbip_utils_v3_0_vh_rfs.vhd:584]
INFO: [Synth 8-256] done synthesizing module 'xbip_pipe_v3_0_viv__parameterized6' (1#1) [e:/jiaweiwei/Project/OFDM_Synchronization/OFDM_Synchronization.srcs/sources_1/ip/multiplier_35_1dsp_ip/xbip_pipe_v3_0/ip/dsp48_mul_ip/xbip_pipe_v3_0/hdl/xbip_pipe_v3_0_vh_rfs.vhd:299]
INFO: [Synth 8-638] synthesizing module 'xbip_pipe_v3_0_viv__parameterized7' [e:/jiaweiwei/Project/OFDM_Synchronization/OFDM_Synchronization.srcs/sources_1/ip/multiplier_35_1dsp_ip/xbip_pipe_v3_0/ip/dsp48_mul_ip/xbip_pipe_v3_0/hdl/xbip_pipe_v3_0_vh_rfs.vhd:299]
WARNING: [Synth 8-312] ignoring unsynthesizable construct: assertion statement [e:/jiaweiwei/Project/OFDM_Synchronization/OFDM_Synchronization.srcs/sources_1/ip/multiplier_35_1dsp_ip/xbip_utils_v3_0/ip/dsp48_mul_ip/xbip_utils_v3_0/hdl/xbip_utils_v3_0_vh_rfs.vhd:581]
WARNING: [Synth 8-312] ignoring unsynthesizable construct: assertion statement [e:/jiaweiwei/Project/OFDM_Synchronization/OFDM_Synchronization.srcs/sources_1/ip/multiplier_35_1dsp_ip/xbip_utils_v3_0/ip/dsp48_mul_ip/xbip_utils_v3_0/hdl/xbip_utils_v3_0_vh_rfs.vhd:584]
INFO: [Synth 8-256] done synthesizing module 'xbip_pipe_v3_0_viv__parameterized7' (1#1) [e:/jiaweiwei/Project/OFDM_Synchronization/OFDM_Synchronization.srcs/sources_1/ip/multiplier_35_1dsp_ip/xbip_pipe_v3_0/ip/dsp48_mul_ip/xbip_pipe_v3_0/hdl/xbip_pipe_v3_0_vh_rfs.vhd:299]
INFO: [Synth 8-638] synthesizing module 'xbip_pipe_v3_0_viv__parameterized8' [e:/jiaweiwei/Project/OFDM_Synchronization/OFDM_Synchronization.srcs/sources_1/ip/multiplier_35_1dsp_ip/xbip_pipe_v3_0/ip/dsp48_mul_ip/xbip_pipe_v3_0/hdl/xbip_pipe_v3_0_vh_rfs.vhd:299]
WARNING: [Synth 8-312] ignoring unsynthesizable construct: assertion statement [e:/jiaweiwei/Project/OFDM_Synchronization/OFDM_Synchronization.srcs/sources_1/ip/multiplier_35_1dsp_ip/xbip_utils_v3_0/ip/dsp48_mul_ip/xbip_utils_v3_0/hdl/xbip_utils_v3_0_vh_rfs.vhd:581]
WARNING: [Synth 8-312] ignoring unsynthesizable construct: assertion statement [e:/jiaweiwei/Project/OFDM_Synchronization/OFDM_Synchronization.srcs/sources_1/ip/multiplier_35_1dsp_ip/xbip_utils_v3_0/ip/dsp48_mul_ip/xbip_utils_v3_0/hdl/xbip_utils_v3_0_vh_rfs.vhd:584]
INFO: [Synth 8-256] done synthesizing module 'xbip_pipe_v3_0_viv__parameterized8' (1#1) [e:/jiaweiwei/Project/OFDM_Synchronization/OFDM_Synchronization.srcs/sources_1/ip/multiplier_35_1dsp_ip/xbip_pipe_v3_0/ip/dsp48_mul_ip/xbip_pipe_v3_0/hdl/xbip_pipe_v3_0_vh_rfs.vhd:299]
INFO: [Synth 8-638] synthesizing module 'xbip_dsp48e1_wrapper_v3_0' [e:/jiaweiwei/Project/OFDM_Synchronization/OFDM_Synchronization.srcs/sources_1/ip/multiplier_35_1dsp_ip/xbip_dsp48_wrapper_v3_0/ip/dsp48_mul_ip/xbip_dsp48_wrapper_v3_0/hdl/xbip_dsp48_wrapper_v3_0_vh_rfs.vhd:1649]
WARNING: [Synth 8-312] ignoring unsynthesizable construct: assertion statement [e:/jiaweiwei/Project/OFDM_Synchronization/OFDM_Synchronization.srcs/sources_1/ip/multiplier_35_1dsp_ip/xbip_dsp48_wrapper_v3_0/ip/dsp48_mul_ip/xbip_dsp48_wrapper_v3_0/hdl/xbip_dsp48_wrapper_v3_0_vh_rfs.vhd:1675]
WARNING: [Synth 8-312] ignoring unsynthesizable construct: assertion statement [e:/jiaweiwei/Project/OFDM_Synchronization/OFDM_Synchronization.srcs/sources_1/ip/multiplier_35_1dsp_ip/xbip_dsp48_wrapper_v3_0/ip/dsp48_mul_ip/xbip_dsp48_wrapper_v3_0/hdl/xbip_dsp48_wrapper_v3_0_vh_rfs.vhd:1678]
WARNING: [Synth 8-312] ignoring unsynthesizable construct: assertion statement [e:/jiaweiwei/Project/OFDM_Synchronization/OFDM_Synchronization.srcs/sources_1/ip/multiplier_35_1dsp_ip/xbip_dsp48_wrapper_v3_0/ip/dsp48_mul_ip/xbip_dsp48_wrapper_v3_0/hdl/xbip_dsp48_wrapper_v3_0_vh_rfs.vhd:1681]
WARNING: [Synth 8-312] ignoring unsynthesizable construct: assertion statement [e:/jiaweiwei/Project/OFDM_Synchronization/OFDM_Synchronization.srcs/sources_1/ip/multiplier_35_1dsp_ip/xbip_dsp48_wrapper_v3_0/ip/dsp48_mul_ip/xbip_dsp48_wrapper_v3_0/hdl/xbip_dsp48_wrapper_v3_0_vh_rfs.vhd:1684]
WARNING: [Synth 8-312] ignoring unsynthesizable construct: assertion statement [e:/jiaweiwei/Project/OFDM_Synchronization/OFDM_Synchronization.srcs/sources_1/ip/multiplier_35_1dsp_ip/xbip_dsp48_wrapper_v3_0/ip/dsp48_mul_ip/xbip_dsp48_wrapper_v3_0/hdl/xbip_dsp48_wrapper_v3_0_vh_rfs.vhd:1687]
WARNING: [Synth 8-312] ignoring unsynthesizable construct: assertion statement [e:/jiaweiwei/Project/OFDM_Synchronization/OFDM_Synchronization.srcs/sources_1/ip/multiplier_35_1dsp_ip/xbip_dsp48_wrapper_v3_0/ip/dsp48_mul_ip/xbip_dsp48_wrapper_v3_0/hdl/xbip_dsp48_wrapper_v3_0_vh_rfs.vhd:1690]
WARNING: [Synth 8-312] ignoring unsynthesizable construct: assertion statement [e:/jiaweiwei/Project/OFDM_Synchronization/OFDM_Synchronization.srcs/sources_1/ip/multiplier_35_1dsp_ip/xbip_dsp48_wrapper_v3_0/ip/dsp48_mul_ip/xbip_dsp48_wrapper_v3_0/hdl/xbip_dsp48_wrapper_v3_0_vh_rfs.vhd:1693]
WARNING: [Synth 8-312] ignoring unsynthesizable construct: assertion statement [e:/jiaweiwei/Project/OFDM_Synchronization/OFDM_Synchronization.srcs/sources_1/ip/multiplier_35_1dsp_ip/xbip_dsp48_wrapper_v3_0/ip/dsp48_mul_ip/xbip_dsp48_wrapper_v3_0/hdl/xbip_dsp48_wrapper_v3_0_vh_rfs.vhd:1696]
WARNING: [Synth 8-312] ignoring unsynthesizable construct: assertion statement [e:/jiaweiwei/Project/OFDM_Synchronization/OFDM_Synchronization.srcs/sources_1/ip/multiplier_35_1dsp_ip/xbip_dsp48_wrapper_v3_0/ip/dsp48_mul_ip/xbip_dsp48_wrapper_v3_0/hdl/xbip_dsp48_wrapper_v3_0_vh_rfs.vhd:1699]
WARNING: [Synth 8-312] ignoring unsynthesizable construct: assertion statement [e:/jiaweiwei/Project/OFDM_Synchronization/OFDM_Synchronization.srcs/sources_1/ip/multiplier_35_1dsp_ip/xbip_dsp48_wrapper_v3_0/ip/dsp48_mul_ip/xbip_dsp48_wrapper_v3_0/hdl/xbip_dsp48_wrapper_v3_0_vh_rfs.vhd:1702]
WARNING: [Synth 8-312] ignoring unsynthesizable construct: assertion statement [e:/jiaweiwei/Project/OFDM_Synchronization/OFDM_Synchronization.srcs/sources_1/ip/multiplier_35_1dsp_ip/xbip_dsp48_wrapper_v3_0/ip/dsp48_mul_ip/xbip_dsp48_wrapper_v3_0/hdl/xbip_dsp48_wrapper_v3_0_vh_rfs.vhd:1705]
WARNING: [Synth 8-312] ignoring unsynthesizable construct: assertion statement [e:/jiaweiwei/Project/OFDM_Synchronization/OFDM_Synchronization.srcs/sources_1/ip/multiplier_35_1dsp_ip/xbip_dsp48_wrapper_v3_0/ip/dsp48_mul_ip/xbip_dsp48_wrapper_v3_0/hdl/xbip_dsp48_wrapper_v3_0_vh_rfs.vhd:1708]
WARNING: [Synth 8-312] ignoring unsynthesizable construct: assertion statement [e:/jiaweiwei/Project/OFDM_Synchronization/OFDM_Synchronization.srcs/sources_1/ip/multiplier_35_1dsp_ip/xbip_dsp48_wrapper_v3_0/ip/dsp48_mul_ip/xbip_dsp48_wrapper_v3_0/hdl/xbip_dsp48_wrapper_v3_0_vh_rfs.vhd:1711]
INFO: [Synth 8-113] binding component instance 'i_primitive' to cell 'DSP48E1' [e:/jiaweiwei/Project/OFDM_Synchronization/OFDM_Synchronization.srcs/sources_1/ip/multiplier_35_1dsp_ip/xbip_dsp48_wrapper_v3_0/ip/dsp48_mul_ip/xbip_dsp48_wrapper_v3_0/hdl/xbip_dsp48_wrapper_v3_0_vh_rfs.vhd:1886]
INFO: [Synth 8-256] done synthesizing module 'xbip_dsp48e1_wrapper_v3_0' (2#1) [e:/jiaweiwei/Project/OFDM_Synchronization/OFDM_Synchronization.srcs/sources_1/ip/multiplier_35_1dsp_ip/xbip_dsp48_wrapper_v3_0/ip/dsp48_mul_ip/xbip_dsp48_wrapper_v3_0/hdl/xbip_dsp48_wrapper_v3_0_vh_rfs.vhd:1649]
INFO: [Synth 8-256] done synthesizing module 'xbip_dsp48_macro_synth' (3#1) [e:/jiaweiwei/Project/OFDM_Synchronization/OFDM_Synchronization.srcs/sources_1/ip/multiplier_35_1dsp_ip/xbip_dsp48_macro_v3_0/ip/dsp48_mul_ip/xbip_dsp48_macro_v3_0/hdl/xbip_dsp48_macro_v3_0_vh_rfs.vhd:3223]
INFO: [Synth 8-256] done synthesizing module 'xbip_dsp48_macro_v3_0_viv' (4#1) [e:/jiaweiwei/Project/OFDM_Synchronization/OFDM_Synchronization.srcs/sources_1/ip/multiplier_35_1dsp_ip/xbip_dsp48_macro_v3_0/ip/dsp48_mul_ip/xbip_dsp48_macro_v3_0/hdl/xbip_dsp48_macro_v3_0_vh_rfs.vhd:4450]
INFO: [Synth 8-256] done synthesizing module 'xbip_dsp48_macro_v3_0' (5#1) [e:/jiaweiwei/Project/OFDM_Synchronization/OFDM_Synchronization.srcs/sources_1/ip/multiplier_35_1dsp_ip/xbip_dsp48_macro_v3_0/ip/dsp48_mul_ip/xbip_dsp48_macro_v3_0/hdl/xbip_dsp48_macro_v3_0.vhd:229]
INFO: [Synth 8-256] done synthesizing module 'dsp48_mul_ip' (6#1) [e:/jiaweiwei/Project/OFDM_Synchronization/OFDM_Synchronization.srcs/sources_1/ip/multiplier_35_1dsp_ip/ip/dsp48_mul_ip/synth/dsp48_mul_ip.vhd:68]
INFO: [Synth 8-256] done synthesizing module 'multiplier_35_1dsp' (7#1) [e:/jiaweiwei/Project/OFDM_Synchronization/OFDM_Synchronization.srcs/sources_1/ip/multiplier_35_1dsp_ip/code/multiplier_35_1dsp.v:23]
INFO: [Synth 8-256] done synthesizing module 'multiplier_35_1dsp_ip' (8#1) [e:/jiaweiwei/Project/OFDM_Synchronization/OFDM_Synchronization.srcs/sources_1/ip/multiplier_35_1dsp_ip/synth/multiplier_35_1dsp_ip.v:57]
---------------------------------------------------------------------------------
Finished Synthesize : Time (s): cpu = 00:00:09 ; elapsed = 00:00:09 . Memory (MB): peak = 287.223 ; gain = 101.176
---------------------------------------------------------------------------------
---------------------------------------------------------------------------------
Finished Constraint Validation : Time (s): cpu = 00:00:09 ; elapsed = 00:00:09 . Memory (MB): peak = 287.223 ; gain = 101.176
---------------------------------------------------------------------------------
---------------------------------------------------------------------------------
Start Loading Part and Timing Information
---------------------------------------------------------------------------------
Loading part: xc7z045fbg676-3
---------------------------------------------------------------------------------
Finished Loading Part and Timing Information : Time (s): cpu = 00:00:09 ; elapsed = 00:00:09 . Memory (MB): peak = 287.223 ; gain = 101.176
---------------------------------------------------------------------------------
INFO: [Device 21-403] Loading part xc7z045fbg676-3
---------------------------------------------------------------------------------
Finished RTL Optimization Phase 2 : Time (s): cpu = 00:00:09 ; elapsed = 00:00:09 . Memory (MB): peak = 302.387 ; gain = 116.340
---------------------------------------------------------------------------------

Report RTL Partitions: 
+-+--------------+------------+----------+
| |RTL Partition |Replication |Instances |
+-+--------------+------------+----------+
+-+--------------+------------+----------+
No constraint files found.
---------------------------------------------------------------------------------
Start RTL Component Statistics 
---------------------------------------------------------------------------------
---------------------------------------------------------------------------------
Finished RTL Component Statistics 
---------------------------------------------------------------------------------
---------------------------------------------------------------------------------
Start RTL Hierarchical Component Statistics 
---------------------------------------------------------------------------------
---------------------------------------------------------------------------------
Finished RTL Hierarchical Component Statistics
---------------------------------------------------------------------------------
---------------------------------------------------------------------------------
Start Part Resource Summary
---------------------------------------------------------------------------------
Part Resources:
DSPs: 900 (col length:140)
BRAMs: 1090 (col length: RAMB18 140 RAMB36 70)
---------------------------------------------------------------------------------
Finished Part Resource Summary
---------------------------------------------------------------------------------
Start Parallel Synthesis Optimization  : Time (s): cpu = 00:00:13 ; elapsed = 00:00:13 . Memory (MB): peak = 491.508 ; gain = 305.461
---------------------------------------------------------------------------------
Start Cross Boundary Optimization
---------------------------------------------------------------------------------
---------------------------------------------------------------------------------
Finished Cross Boundary Optimization : Time (s): cpu = 00:00:13 ; elapsed = 00:00:13 . Memory (MB): peak = 492.707 ; gain = 306.660
---------------------------------------------------------------------------------
Finished Parallel Reinference  : Time (s): cpu = 00:00:13 ; elapsed = 00:00:13 . Memory (MB): peak = 492.707 ; gain = 306.660

Report RTL Partitions: 
+-+--------------+------------+----------+
| |RTL Partition |Replication |Instances |
+-+--------------+------------+----------+
+-+--------------+------------+----------+
No constraint files found.
INFO: [Synth 8-3333] propagating constant 0 across sequential element (\inst/a_seq_reg[17] )
INFO: [Synth 8-3332] Sequential element (\inst/a_seq_reg[72] ) is unused and will be removed from module multiplier_35_1dsp_ip.
INFO: [Synth 8-3332] Sequential element (\inst/a_seq_reg[35] ) is unused and will be removed from module multiplier_35_1dsp_ip.
INFO: [Synth 8-3332] Sequential element (\inst/b_seq_reg[72] ) is unused and will be removed from module multiplier_35_1dsp_ip.
INFO: [Synth 8-3332] Sequential element (\inst/a_seq_reg[17] ) is unused and will be removed from module multiplier_35_1dsp_ip.
INFO: [Synth 8-3332] Sequential element (\inst/b_seq_reg[17] ) is unused and will be removed from module multiplier_35_1dsp_ip.
---------------------------------------------------------------------------------
Start Area Optimization
---------------------------------------------------------------------------------
---------------------------------------------------------------------------------
Finished Area Optimization : Time (s): cpu = 00:00:14 ; elapsed = 00:00:14 . Memory (MB): peak = 512.051 ; gain = 326.004
---------------------------------------------------------------------------------
Finished Parallel Area Optimization  : Time (s): cpu = 00:00:14 ; elapsed = 00:00:14 . Memory (MB): peak = 512.051 ; gain = 326.004

Report RTL Partitions: 
+-+--------------+------------+----------+
| |RTL Partition |Replication |Instances |
+-+--------------+------------+----------+
+-+--------------+------------+----------+
Finished Parallel Synthesis Optimization  : Time (s): cpu = 00:00:14 ; elapsed = 00:00:14 . Memory (MB): peak = 512.051 ; gain = 326.004
---------------------------------------------------------------------------------
Start Timing Optimization
---------------------------------------------------------------------------------
No constraint files found.
---------------------------------------------------------------------------------
Finished Timing Optimization : Time (s): cpu = 00:00:14 ; elapsed = 00:00:14 . Memory (MB): peak = 512.051 ; gain = 326.004
---------------------------------------------------------------------------------

Report RTL Partitions: 
+-+--------------+------------+----------+
| |RTL Partition |Replication |Instances |
+-+--------------+------------+----------+
+-+--------------+------------+----------+
---------------------------------------------------------------------------------
Start Technology Mapping
---------------------------------------------------------------------------------
---------------------------------------------------------------------------------
Finished Technology Mapping : Time (s): cpu = 00:00:14 ; elapsed = 00:00:14 . Memory (MB): peak = 512.109 ; gain = 326.063
---------------------------------------------------------------------------------

Report RTL Partitions: 
+-+--------------+------------+----------+
| |RTL Partition |Replication |Instances |
+-+--------------+------------+----------+
+-+--------------+------------+----------+
---------------------------------------------------------------------------------
Start IO Insertion
---------------------------------------------------------------------------------
---------------------------------------------------------------------------------
Start Final Netlist Cleanup
---------------------------------------------------------------------------------
---------------------------------------------------------------------------------
Finished Final Netlist Cleanup
---------------------------------------------------------------------------------
---------------------------------------------------------------------------------
Finished IO Insertion : Time (s): cpu = 00:00:14 ; elapsed = 00:00:14 . Memory (MB): peak = 512.109 ; gain = 326.063
---------------------------------------------------------------------------------

Report Check Netlist: 
+------+------------------+-------+---------+-------+------------------+
|      |Item              |Errors |Warnings |Status |Description       |
+------+------------------+-------+---------+-------+------------------+
|1     |multi_driven_nets |      0|        0|Passed |Multi driven nets |
+------+------------------+-------+---------+-------+------------------+
---------------------------------------------------------------------------------
Start Renaming Generated Instances
---------------------------------------------------------------------------------
---------------------------------------------------------------------------------
Finished Renaming Generated Instances : Time (s): cpu = 00:00:14 ; elapsed = 00:00:14 . Memory (MB): peak = 512.109 ; gain = 326.063
---------------------------------------------------------------------------------

Report RTL Partitions: 
+-+--------------+------------+----------+
| |RTL Partition |Replication |Instances |
+-+--------------+------------+----------+
+-+--------------+------------+----------+
---------------------------------------------------------------------------------
Start Rebuilding User Hierarchy
---------------------------------------------------------------------------------
---------------------------------------------------------------------------------
Finished Rebuilding User Hierarchy : Time (s): cpu = 00:00:14 ; elapsed = 00:00:14 . Memory (MB): peak = 512.109 ; gain = 326.063
---------------------------------------------------------------------------------
---------------------------------------------------------------------------------
Start Renaming Generated Ports : Time (s): cpu = 00:00:14 ; elapsed = 00:00:14 . Memory (MB): peak = 512.109 ; gain = 326.063
---------------------------------------------------------------------------------
---------------------------------------------------------------------------------
Finished Renaming Generated Ports : Time (s): cpu = 00:00:14 ; elapsed = 00:00:14 . Memory (MB): peak = 512.109 ; gain = 326.063
---------------------------------------------------------------------------------
---------------------------------------------------------------------------------
Start Writing Synthesis Report
---------------------------------------------------------------------------------

Report BlackBoxes: 
+-+--------------+----------+
| |BlackBox name |Instances |
+-+--------------+----------+
+-+--------------+----------+

Report Cell Usage: 
+------+--------+------+
|      |Cell    |Count |
+------+--------+------+
|1     |CARRY4  |    18|
|2     |DSP48E1 |     1|
|3     |LUT2    |    38|
|4     |LUT3    |   193|
|5     |LUT4    |     1|
|6     |LUT5    |     1|
|7     |LUT6    |    34|
|8     |FDCE    |   149|
|9     |FDRE    |   120|
|10    |FDSE    |    18|
+------+--------+------+
---------------------------------------------------------------------------------
Finished Writing Synthesis Report : Time (s): cpu = 00:00:14 ; elapsed = 00:00:14 . Memory (MB): peak = 512.109 ; gain = 326.063
---------------------------------------------------------------------------------
Synthesis finished with 0 errors, 0 critical warnings and 45 warnings.
Synthesis Optimization Runtime : Time (s): cpu = 00:00:12 ; elapsed = 00:00:12 . Memory (MB): peak = 512.109 ; gain = 307.047
Synthesis Optimization Complete : Time (s): cpu = 00:00:14 ; elapsed = 00:00:14 . Memory (MB): peak = 512.109 ; gain = 326.063
INFO: [Project 1-571] Translating synthesized netlist
INFO: [Netlist 29-17] Analyzing 19 Unisim elements for replacement
INFO: [Netlist 29-28] Unisim Transformation completed in 0 CPU seconds
INFO: [Project 1-570] Preparing netlist for logic optimization
INFO: [Opt 31-138] Pushed 0 inverter(s) to 0 load pin(s).
INFO: [Project 1-111] Unisim Transformation Summary:
No Unisim elements were transformed.

INFO: [Common 17-83] Releasing license: Synthesis
57 Infos, 50 Warnings, 0 Critical Warnings and 0 Errors encountered.
synth_design completed successfully
synth_design: Time (s): cpu = 00:00:14 ; elapsed = 00:00:14 . Memory (MB): peak = 574.930 ; gain = 372.781
INFO: [Coretcl 2-1174] Renamed 6 cell refs.
INFO: [Timing 38-35] Done setting XDC timing constraints.
write_checkpoint: Time (s): cpu = 00:00:16 ; elapsed = 00:00:16 . Memory (MB): peak = 976.301 ; gain = 401.371
report_utilization: Time (s): cpu = 00:00:00 ; elapsed = 00:00:00.078 . Memory (MB): peak = 976.301 ; gain = 0.000
INFO: [Common 17-206] Exiting Vivado at Tue Jan 10 20:27:57 2017...
