#-----------------------------------------------------------
# Vivado v2015.2.1 (64-bit)
# SW Build 1302555 on Wed Aug  5 13:06:02 MDT 2015
# IP Build 1291990 on Mon Jul 27 03:18:52 MDT 2015
# Start of session at: Tue Oct 11 13:29:41 2016
# Process ID: 1280
# Log file: F:/jiaweiwei/Project/OFDM_Synchronization/OFDM_Synchronization/vivado.log
# Journal file: F:/jiaweiwei/Project/OFDM_Synchronization/OFDM_Synchronization\vivado.jou
#-----------------------------------------------------------
start_gui
open_project F:/jiaweiwei/Project/OFDM_Synchronization/OFDM_Synchronization/OFDM_Synchronization.xpr
INFO: [Project 1-313] Project file moved from 'G:/jiaweiwei/FPGA workspace/OFDM_Synchronization/OFDM_Synchronization' since last save.
Scanning sources...
Finished scanning sources
INFO: [IP_Flow 19-234] Refreshing IP repositories
INFO: [IP_Flow 19-1704] No user IP repositories specified
INFO: [IP_Flow 19-2313] Loaded Vivado IP repository 'D:/jiaweiwei/Xilinx/15.2/Vivado/2015.2/data/ip'.
open_project: Time (s): cpu = 00:00:16 ; elapsed = 00:00:14 . Memory (MB): peak = 650.500 ; gain = 91.367
exit
INFO: [Common 17-206] Exiting Vivado at Tue Oct 11 13:38:18 2016...
