#-----------------------------------------------------------
# Vivado v2015.2.1 (64-bit)
# SW Build 1302555 on Wed Aug  5 13:06:02 MDT 2015
# IP Build 1291990 on Mon Jul 27 03:18:52 MDT 2015
# Start of session at: Tue Nov 22 15:14:58 2016
# Process ID: 3428
# Log file: E:/jiaweiwei/Project/OFDM_Synchronization/vivado.log
# Journal file: E:/jiaweiwei/Project/OFDM_Synchronization\vivado.jou
#-----------------------------------------------------------
start_gui
open_project E:/jiaweiwei/Project/OFDM_Synchronization/OFDM_Synchronization.xpr
Scanning sources...
Finished scanning sources
INFO: [IP_Flow 19-234] Refreshing IP repositories
INFO: [IP_Flow 19-1704] No user IP repositories specified
INFO: [IP_Flow 19-2313] Loaded Vivado IP repository 'D:/Xilinx/15.2/Vivado/2015.2/data/ip'.
open_project: Time (s): cpu = 00:00:14 ; elapsed = 00:00:06 . Memory (MB): peak = 750.484 ; gain = 177.719
reset_run synth_1
launch_runs synth_1 -jobs 2
INFO: [HDL 9-2216] Analyzing Verilog file "E:/jiaweiwei/Project/OFDM_Synchronization/OFDM_Synchronization.srcs/sources_1/code/tools/axis_interface_fifo.v" into library work [E:/jiaweiwei/Project/OFDM_Synchronization/OFDM_Synchronization.srcs/sources_1/code/tools/axis_interface_fifo.v:1]
INFO: [HDL 9-2216] Analyzing Verilog file "E:/jiaweiwei/Project/OFDM_Synchronization/OFDM_Synchronization.srcs/sources_1/code/tools/complex_abs_power2_18.v" into library work [E:/jiaweiwei/Project/OFDM_Synchronization/OFDM_Synchronization.srcs/sources_1/code/tools/complex_abs_power2_18.v:1]
INFO: [HDL 9-2216] Analyzing Verilog file "E:/jiaweiwei/Project/OFDM_Synchronization/OFDM_Synchronization.srcs/sources_1/code/data_dpram/data_dpram.v" into library work [E:/jiaweiwei/Project/OFDM_Synchronization/OFDM_Synchronization.srcs/sources_1/code/data_dpram/data_dpram.v:1]
INFO: [HDL 9-2216] Analyzing Verilog file "E:/jiaweiwei/Project/OFDM_Synchronization/OFDM_Synchronization.srcs/sources_1/code/ofdm_syn.v" into library work [E:/jiaweiwei/Project/OFDM_Synchronization/OFDM_Synchronization.srcs/sources_1/code/ofdm_syn.v:1]
INFO: [HDL 9-2216] Analyzing Verilog file "E:/jiaweiwei/Project/OFDM_Synchronization/OFDM_Synchronization.srcs/sources_1/code/operator/phi_operator.v" into library work [E:/jiaweiwei/Project/OFDM_Synchronization/OFDM_Synchronization.srcs/sources_1/code/operator/phi_operator.v:1]
INFO: [HDL 9-2216] Analyzing Verilog file "E:/jiaweiwei/Project/OFDM_Synchronization/OFDM_Synchronization.srcs/sources_1/code/operator/psi_operator.v" into library work [E:/jiaweiwei/Project/OFDM_Synchronization/OFDM_Synchronization.srcs/sources_1/code/operator/psi_operator.v:1]
INFO: [HDL 9-2216] Analyzing Verilog file "E:/jiaweiwei/Project/OFDM_Synchronization/OFDM_Synchronization.srcs/sources_1/code/tools/test_axis_interface_fifo.v" into library work [E:/jiaweiwei/Project/OFDM_Synchronization/OFDM_Synchronization.srcs/sources_1/code/tools/test_axis_interface_fifo.v:1]
INFO: [HDL 9-2216] Analyzing Verilog file "E:/jiaweiwei/Project/OFDM_Synchronization/OFDM_Synchronization.srcs/sources_1/code/data_dpram/test_data_dpram.v" into library work [E:/jiaweiwei/Project/OFDM_Synchronization/OFDM_Synchronization.srcs/sources_1/code/data_dpram/test_data_dpram.v:1]
INFO: [HDL 9-2216] Analyzing Verilog file "E:/jiaweiwei/Project/OFDM_Synchronization/OFDM_Synchronization.srcs/sources_1/code/operator/test_phi_operator.v" into library work [E:/jiaweiwei/Project/OFDM_Synchronization/OFDM_Synchronization.srcs/sources_1/code/operator/test_phi_operator.v:1]
INFO: [HDL 9-2216] Analyzing Verilog file "E:/jiaweiwei/Project/OFDM_Synchronization/OFDM_Synchronization.srcs/sources_1/code/operator/test_psi_operator.v" into library work [E:/jiaweiwei/Project/OFDM_Synchronization/OFDM_Synchronization.srcs/sources_1/code/operator/test_psi_operator.v:1]
[Tue Nov 22 15:17:27 2016] Launched synth_1...
Run output will be captured here: E:/jiaweiwei/Project/OFDM_Synchronization/OFDM_Synchronization.runs/synth_1/runme.log
launch_simulation
WARNING: [Vivado 12-3661] Failed to remove file:E:/jiaweiwei/Project/OFDM_Synchronization/OFDM_Synchronization.sim/sim_1/behav/xelab.pb
INFO: [USF-XSim-27] Simulation object is 'sim_1'
INFO: [USF-XSim-37] Inspecting design source files for 'test_phi_operator' in fileset 'sim_1'...
INFO: [USF-XSim-97] Finding global include files...
INFO: [USF-XSim-98] Fetching design files from 'sim_1'...
INFO: [USF-XSim-2] XSim::Compile design
INFO: [USF-XSim-61] Executing 'COMPILE' step in 'E:/jiaweiwei/Project/OFDM_Synchronization/OFDM_Synchronization.sim/sim_1/behav'
"xvlog -m64 --relax -prj test_phi_operator_vlog.prj"
INFO: [VRFC 10-2263] Analyzing Verilog file "E:/jiaweiwei/Project/OFDM_Synchronization/OFDM_Synchronization.srcs/sources_1/ip/spram_32_64_ip/blk_mem_gen_v8_2/simulation/blk_mem_gen_v8_2.v" into library blk_mem_gen_v8_2
INFO: [VRFC 10-311] analyzing module STATE_LOGIC_v8_2
INFO: [VRFC 10-311] analyzing module beh_vlog_muxf7_v8_2
INFO: [VRFC 10-311] analyzing module beh_vlog_ff_clr_v8_2
INFO: [VRFC 10-311] analyzing module beh_vlog_ff_pre_v8_2
INFO: [VRFC 10-311] analyzing module beh_vlog_ff_ce_clr_v8_2
INFO: [VRFC 10-311] analyzing module write_netlist_v8_2
INFO: [VRFC 10-311] analyzing module read_netlist_v8_2
INFO: [VRFC 10-311] analyzing module blk_mem_axi_write_wrapper_beh_v8_2
INFO: [VRFC 10-311] analyzing module blk_mem_axi_read_wrapper_beh_v8_2
INFO: [VRFC 10-311] analyzing module blk_mem_axi_regs_fwd_v8_2
INFO: [VRFC 10-311] analyzing module BLK_MEM_GEN_v8_2_output_stage
INFO: [VRFC 10-311] analyzing module BLK_MEM_GEN_v8_2_softecc_output_reg_stage
INFO: [VRFC 10-311] analyzing module BLK_MEM_GEN_v8_2_mem_module
INFO: [VRFC 10-311] analyzing module blk_mem_gen_v8_2
INFO: [VRFC 10-2263] Analyzing Verilog file "E:/jiaweiwei/Project/OFDM_Synchronization/OFDM_Synchronization.srcs/sources_1/ip/spram_32_64_ip/sim/spram_32_64_ip.v" into library xil_defaultlib
INFO: [VRFC 10-311] analyzing module spram_32_64_ip
INFO: [VRFC 10-2263] Analyzing Verilog file "E:/jiaweiwei/Project/OFDM_Synchronization/OFDM_Synchronization.srcs/sources_1/code/tools/complex_abs_power2_18.v" into library xil_defaultlib
INFO: [VRFC 10-311] analyzing module complex_abs_power2_18
INFO: [VRFC 10-2263] Analyzing Verilog file "E:/jiaweiwei/Project/OFDM_Synchronization/OFDM_Synchronization.srcs/sources_1/code/operator/phi_operator.v" into library xil_defaultlib
INFO: [VRFC 10-311] analyzing module phi_operator
INFO: [VRFC 10-2263] Analyzing Verilog file "E:/jiaweiwei/Project/OFDM_Synchronization/OFDM_Synchronization.srcs/sources_1/code/operator/test_phi_operator.v" into library xil_defaultlib
INFO: [VRFC 10-311] analyzing module test_phi_operator
INFO: [VRFC 10-2263] Analyzing Verilog file "E:/jiaweiwei/Project/OFDM_Synchronization/OFDM_Synchronization.sim/sim_1/behav/glbl.v" into library xil_defaultlib
INFO: [VRFC 10-311] analyzing module glbl
"xvhdl -m64 --relax -prj test_phi_operator_vhdl.prj"
INFO: [VRFC 10-163] Analyzing VHDL file "E:/jiaweiwei/Project/OFDM_Synchronization/OFDM_Synchronization.srcs/sources_1/ip/dsp48_ip_mul_add/xbip_dsp48_wrapper_v3_0/hdl/xbip_dsp48_wrapper_v3_0_vh_rfs.vhd" into library xbip_dsp48_wrapper_v3_0
INFO: [VRFC 10-307] analyzing entity xbip_dsp48a_wrapper_v3_0
INFO: [VRFC 10-307] analyzing entity xbip_dsp48a1_wrapper_v3_0
INFO: [VRFC 10-307] analyzing entity xbip_dsp48e_wrapper_v3_0
INFO: [VRFC 10-307] analyzing entity xbip_dsp48e1_wrapper_v3_0
INFO: [VRFC 10-307] analyzing entity xbip_dsp48e2_wrapper_v3_0
INFO: [VRFC 10-307] analyzing entity xbip_dsp48_wrapper_v3_0
INFO: [VRFC 10-163] Analyzing VHDL file "E:/jiaweiwei/Project/OFDM_Synchronization/OFDM_Synchronization.srcs/sources_1/ip/dsp48_ip_mul_add/xbip_utils_v3_0/hdl/xbip_utils_v3_0_vh_rfs.vhd" into library xbip_utils_v3_0
INFO: [VRFC 10-163] Analyzing VHDL file "E:/jiaweiwei/Project/OFDM_Synchronization/OFDM_Synchronization.srcs/sources_1/ip/dsp48_ip_mul_add/xbip_pipe_v3_0/hdl/xbip_pipe_v3_0_vh_rfs.vhd" into library xbip_pipe_v3_0
INFO: [VRFC 10-307] analyzing entity xbip_pipe_v3_0_viv
INFO: [VRFC 10-163] Analyzing VHDL file "E:/jiaweiwei/Project/OFDM_Synchronization/OFDM_Synchronization.srcs/sources_1/ip/dsp48_ip_mul_add/xbip_pipe_v3_0/hdl/xbip_pipe_v3_0.vhd" into library xbip_pipe_v3_0
INFO: [VRFC 10-307] analyzing entity xbip_pipe_v3_0
INFO: [VRFC 10-163] Analyzing VHDL file "E:/jiaweiwei/Project/OFDM_Synchronization/OFDM_Synchronization.srcs/sources_1/ip/dsp48_ip_mul_add/xbip_dsp48_macro_v3_0/hdl/xbip_dsp48_macro_v3_0_vh_rfs.vhd" into library xbip_dsp48_macro_v3_0
INFO: [VRFC 10-307] analyzing entity xbip_dsp48_macro_rtl
INFO: [VRFC 10-307] analyzing entity xbip_dsp48_macro_synth
INFO: [VRFC 10-307] analyzing entity xbip_dsp48_macro_v3_0_viv
INFO: [VRFC 10-163] Analyzing VHDL file "E:/jiaweiwei/Project/OFDM_Synchronization/OFDM_Synchronization.srcs/sources_1/ip/dsp48_ip_mul_add/xbip_dsp48_macro_v3_0/hdl/xbip_dsp48_macro_v3_0.vhd" into library xbip_dsp48_macro_v3_0
INFO: [VRFC 10-307] analyzing entity xbip_dsp48_macro_v3_0
INFO: [VRFC 10-163] Analyzing VHDL file "E:/jiaweiwei/Project/OFDM_Synchronization/OFDM_Synchronization.srcs/sources_1/ip/dsp48_ip_mul_add/sim/dsp48_ip_mul_add.vhd" into library xil_defaultlib
INFO: [VRFC 10-307] analyzing entity dsp48_ip_mul_add
INFO: [VRFC 10-163] Analyzing VHDL file "E:/jiaweiwei/Project/OFDM_Synchronization/OFDM_Synchronization.srcs/sources_1/ip/dsp48_ip_mul/sim/dsp48_ip_mul.vhd" into library xil_defaultlib
INFO: [VRFC 10-307] analyzing entity dsp48_ip_mul
run_program: Time (s): cpu = 00:00:01 ; elapsed = 00:00:09 . Memory (MB): peak = 760.617 ; gain = 0.000
INFO: [USF-XSim-3] XSim::Elaborate design
INFO: [USF-XSim-61] Executing 'ELABORATE' step in 'E:/jiaweiwei/Project/OFDM_Synchronization/OFDM_Synchronization.sim/sim_1/behav'
Vivado Simulator 2015.2
Copyright 1986-1999, 2001-2015 Xilinx, Inc. All Rights Reserved.
Running: D:/Xilinx/15.2/Vivado/2015.2/bin/unwrapped/win64.o/xelab.exe -wto 89b8eba060cf4f92a4fcc10f3e2a1a35 --debug typical --relax --mt 2 -L xbip_dsp48_wrapper_v3_0 -L xbip_utils_v3_0 -L xbip_pipe_v3_0 -L xbip_dsp48_macro_v3_0 -L xil_defaultlib -L blk_mem_gen_v8_2 -L unisims_ver -L unimacro_ver -L secureip --snapshot test_phi_operator_behav xil_defaultlib.test_phi_operator xil_defaultlib.glbl -log elaborate.log 
Using 2 slave threads.
Starting static elaboration
WARNING: [VRFC 10-278] actual bit length 5 differs from formal bit length 6 for port addra [E:/jiaweiwei/Project/OFDM_Synchronization/OFDM_Synchronization.srcs/sources_1/code/operator/phi_operator.v:148]
WARNING: [VRFC 10-278] actual bit length 5 differs from formal bit length 6 for port addra [E:/jiaweiwei/Project/OFDM_Synchronization/OFDM_Synchronization.srcs/sources_1/code/operator/phi_operator.v:180]
WARNING: [VRFC 10-278] actual bit length 5 differs from formal bit length 6 for port addra [E:/jiaweiwei/Project/OFDM_Synchronization/OFDM_Synchronization.srcs/sources_1/code/operator/phi_operator.v:212]
Completed static elaboration
Starting simulation data flow analysis
Completed simulation data flow analysis
Time Resolution for simulation is 1ps
Compiling package std.standard
Compiling package ieee.std_logic_1164
Compiling package ieee.numeric_std
Compiling package std.textio
Compiling package xbip_utils_v3_0.xbip_utils_v3_0_pkg
Compiling package xbip_dsp48_macro_v3_0.xbip_dsp48_macro_v3_0_viv_comp
Compiling package xbip_dsp48_macro_v3_0.xbip_dsp48_macro_v3_0_pkg
Compiling package unisim.vcomponents
Compiling package ieee.std_logic_arith
Compiling package ieee.std_logic_signed
Compiling package ieee.vital_timing
Compiling package ieee.vital_primitives
Compiling package unisim.vpkg
Compiling architecture synth of entity xbip_pipe_v3_0.xbip_pipe_v3_0_viv [\xbip_pipe_v3_0_viv(0,0,0,0,0,0,...]
Compiling architecture dsp48e1_v of entity unisim.DSP48E1 [\DSP48E1(1,0,0,1,"NO_RESET","DIR...]
Compiling architecture synth of entity xbip_dsp48_wrapper_v3_0.xbip_dsp48e1_wrapper_v3_0 [\xbip_dsp48e1_wrapper_v3_0(1,1,1...]
Compiling architecture synth of entity xbip_pipe_v3_0.xbip_pipe_v3_0_viv [\xbip_pipe_v3_0_viv(0,0,0,0,0,0,...]
Compiling architecture synth of entity xbip_pipe_v3_0.xbip_pipe_v3_0_viv [\xbip_pipe_v3_0_viv(0,0,0,0,0,0,...]
Compiling architecture synth of entity xbip_pipe_v3_0.xbip_pipe_v3_0_viv [\xbip_pipe_v3_0_viv(0,0,0,0,0,0,...]
Compiling architecture synth of entity xbip_dsp48_macro_v3_0.xbip_dsp48_macro_synth [\xbip_dsp48_macro_synth(0,0,"zyn...]
Compiling architecture synth of entity xbip_dsp48_macro_v3_0.xbip_dsp48_macro_v3_0_viv [\xbip_dsp48_macro_v3_0_viv(0,0,"...]
Compiling architecture xilinx of entity xbip_dsp48_macro_v3_0.xbip_dsp48_macro_v3_0 [\xbip_dsp48_macro_v3_0(0,0,"zynq...]
Compiling architecture dsp48_ip_mul_arch of entity xil_defaultlib.dsp48_ip_mul [dsp48_ip_mul_default]
Compiling architecture dsp48e1_v of entity unisim.DSP48E1 [\DSP48E1(1,0,0,1,"NO_RESET","DIR...]
Compiling architecture synth of entity xbip_dsp48_wrapper_v3_0.xbip_dsp48e1_wrapper_v3_0 [\xbip_dsp48e1_wrapper_v3_0(1,1,1...]
Compiling architecture synth of entity xbip_dsp48_macro_v3_0.xbip_dsp48_macro_synth [\xbip_dsp48_macro_synth(0,0,"zyn...]
Compiling architecture synth of entity xbip_dsp48_macro_v3_0.xbip_dsp48_macro_v3_0_viv [\xbip_dsp48_macro_v3_0_viv(0,0,"...]
Compiling architecture xilinx of entity xbip_dsp48_macro_v3_0.xbip_dsp48_macro_v3_0 [\xbip_dsp48_macro_v3_0(0,0,"zynq...]
Compiling architecture dsp48_ip_mul_add_arch of entity xil_defaultlib.dsp48_ip_mul_add [dsp48_ip_mul_add_default]
Compiling module xil_defaultlib.complex_abs_power2_18
Compiling module blk_mem_gen_v8_2.BLK_MEM_GEN_v8_2_output_stage(C_...
Compiling module blk_mem_gen_v8_2.BLK_MEM_GEN_v8_2_output_stage(C_...
Compiling module blk_mem_gen_v8_2.BLK_MEM_GEN_v8_2_softecc_output_...
Compiling module blk_mem_gen_v8_2.BLK_MEM_GEN_v8_2_mem_module(C_CO...
Compiling module blk_mem_gen_v8_2.blk_mem_gen_v8_2(C_FAMILY="zynq"...
Compiling module xil_defaultlib.spram_32_64_ip
Compiling module xil_defaultlib.phi_operator_default
Compiling module xil_defaultlib.test_phi_operator
Compiling module xil_defaultlib.glbl
Waiting for 3 sub-compilation(s) to finish...
Built simulation snapshot test_phi_operator_behav
run_program: Time (s): cpu = 00:00:00 ; elapsed = 00:00:10 . Memory (MB): peak = 760.617 ; gain = 0.000
INFO: [USF-XSim-4] XSim::Simulate design
INFO: [USF-XSim-61] Executing 'SIMULATE' step in 'E:/jiaweiwei/Project/OFDM_Synchronization/OFDM_Synchronization.sim/sim_1/behav'
INFO: [USF-XSim-98] *** Running xsim
   with args "test_phi_operator_behav -key {Behavioral:sim_1:Functional:test_phi_operator} -tclbatch {test_phi_operator.tcl} -log {simulate.log}"
INFO: [USF-XSim-8] Loading simulator feature
Vivado Simulator 2015.2
Time resolution is 1 ps
source test_phi_operator.tcl
# set curr_wave [current_wave_config]
# if { [string length $curr_wave] == 0 } {
#   if { [llength [get_objects]] > 0} {
#     add_wave /
#     set_property needs_save false [current_wave_config]
#   } else {
#      send_msg_id Add_Wave-1 WARNING "No top level signals found. Simulator will start without a wave window. If you want to open a wave window go to 'File->New Waveform Configuration' or type 'create_wave_config' in the TCL console."
#   }
# }
# run 1000ns
 Block Memory Generator module loading initial data...
 Block Memory Generator data initialization complete.
Block Memory Generator module test_phi_operator.uut.u2_spram_32_64_ip.inst.native_mem_module.blk_mem_gen_v8_2_inst is using a behavioral model for simulation which will not precisely model memory collision behavior.
 Block Memory Generator module loading initial data...
 Block Memory Generator data initialization complete.
Block Memory Generator module test_phi_operator.uut.u3_spram_32_64_ip.inst.native_mem_module.blk_mem_gen_v8_2_inst is using a behavioral model for simulation which will not precisely model memory collision behavior.
 Block Memory Generator module loading initial data...
 Block Memory Generator data initialization complete.
Block Memory Generator module test_phi_operator.uut.u4_spram_32_64_ip.inst.native_mem_module.blk_mem_gen_v8_2_inst is using a behavioral model for simulation which will not precisely model memory collision behavior.
INFO: [USF-XSim-96] XSim completed. Design snapshot 'test_phi_operator_behav' loaded.
INFO: [USF-XSim-97] XSim simulation ran for 1000ns
launch_simulation: Time (s): cpu = 00:00:06 ; elapsed = 00:00:23 . Memory (MB): peak = 761.531 ; gain = 0.914
close_sim
INFO: [Simtcl 6-16] Simulation closed
launch_simulation
WARNING: [Vivado 12-3661] Failed to remove file:E:/jiaweiwei/Project/OFDM_Synchronization/OFDM_Synchronization.sim/sim_1/behav/xelab.pb
INFO: [USF-XSim-27] Simulation object is 'sim_1'
INFO: [USF-XSim-37] Inspecting design source files for 'test_phi_operator' in fileset 'sim_1'...
INFO: [USF-XSim-97] Finding global include files...
INFO: [USF-XSim-98] Fetching design files from 'sim_1'...
INFO: [USF-XSim-2] XSim::Compile design
INFO: [USF-XSim-61] Executing 'COMPILE' step in 'E:/jiaweiwei/Project/OFDM_Synchronization/OFDM_Synchronization.sim/sim_1/behav'
"xvlog -m64 --relax -prj test_phi_operator_vlog.prj"
INFO: [VRFC 10-2263] Analyzing Verilog file "E:/jiaweiwei/Project/OFDM_Synchronization/OFDM_Synchronization.srcs/sources_1/ip/spram_32_64_ip/blk_mem_gen_v8_2/simulation/blk_mem_gen_v8_2.v" into library blk_mem_gen_v8_2
INFO: [VRFC 10-311] analyzing module STATE_LOGIC_v8_2
INFO: [VRFC 10-311] analyzing module beh_vlog_muxf7_v8_2
INFO: [VRFC 10-311] analyzing module beh_vlog_ff_clr_v8_2
INFO: [VRFC 10-311] analyzing module beh_vlog_ff_pre_v8_2
INFO: [VRFC 10-311] analyzing module beh_vlog_ff_ce_clr_v8_2
INFO: [VRFC 10-311] analyzing module write_netlist_v8_2
INFO: [VRFC 10-311] analyzing module read_netlist_v8_2
INFO: [VRFC 10-311] analyzing module blk_mem_axi_write_wrapper_beh_v8_2
INFO: [VRFC 10-311] analyzing module blk_mem_axi_read_wrapper_beh_v8_2
INFO: [VRFC 10-311] analyzing module blk_mem_axi_regs_fwd_v8_2
INFO: [VRFC 10-311] analyzing module BLK_MEM_GEN_v8_2_output_stage
INFO: [VRFC 10-311] analyzing module BLK_MEM_GEN_v8_2_softecc_output_reg_stage
INFO: [VRFC 10-311] analyzing module BLK_MEM_GEN_v8_2_mem_module
INFO: [VRFC 10-311] analyzing module blk_mem_gen_v8_2
INFO: [VRFC 10-2263] Analyzing Verilog file "E:/jiaweiwei/Project/OFDM_Synchronization/OFDM_Synchronization.srcs/sources_1/ip/spram_32_64_ip/sim/spram_32_64_ip.v" into library xil_defaultlib
INFO: [VRFC 10-311] analyzing module spram_32_64_ip
INFO: [VRFC 10-2263] Analyzing Verilog file "E:/jiaweiwei/Project/OFDM_Synchronization/OFDM_Synchronization.srcs/sources_1/code/tools/complex_abs_power2_18.v" into library xil_defaultlib
INFO: [VRFC 10-311] analyzing module complex_abs_power2_18
INFO: [VRFC 10-2263] Analyzing Verilog file "E:/jiaweiwei/Project/OFDM_Synchronization/OFDM_Synchronization.srcs/sources_1/code/operator/phi_operator.v" into library xil_defaultlib
INFO: [VRFC 10-311] analyzing module phi_operator
INFO: [VRFC 10-2263] Analyzing Verilog file "E:/jiaweiwei/Project/OFDM_Synchronization/OFDM_Synchronization.srcs/sources_1/code/operator/test_phi_operator.v" into library xil_defaultlib
INFO: [VRFC 10-311] analyzing module test_phi_operator
INFO: [VRFC 10-2263] Analyzing Verilog file "E:/jiaweiwei/Project/OFDM_Synchronization/OFDM_Synchronization.sim/sim_1/behav/glbl.v" into library xil_defaultlib
INFO: [VRFC 10-311] analyzing module glbl
"xvhdl -m64 --relax -prj test_phi_operator_vhdl.prj"
INFO: [VRFC 10-163] Analyzing VHDL file "E:/jiaweiwei/Project/OFDM_Synchronization/OFDM_Synchronization.srcs/sources_1/ip/dsp48_ip_mul_add/xbip_dsp48_wrapper_v3_0/hdl/xbip_dsp48_wrapper_v3_0_vh_rfs.vhd" into library xbip_dsp48_wrapper_v3_0
INFO: [VRFC 10-307] analyzing entity xbip_dsp48a_wrapper_v3_0
INFO: [VRFC 10-307] analyzing entity xbip_dsp48a1_wrapper_v3_0
INFO: [VRFC 10-307] analyzing entity xbip_dsp48e_wrapper_v3_0
INFO: [VRFC 10-307] analyzing entity xbip_dsp48e1_wrapper_v3_0
INFO: [VRFC 10-307] analyzing entity xbip_dsp48e2_wrapper_v3_0
INFO: [VRFC 10-307] analyzing entity xbip_dsp48_wrapper_v3_0
INFO: [VRFC 10-163] Analyzing VHDL file "E:/jiaweiwei/Project/OFDM_Synchronization/OFDM_Synchronization.srcs/sources_1/ip/dsp48_ip_mul_add/xbip_utils_v3_0/hdl/xbip_utils_v3_0_vh_rfs.vhd" into library xbip_utils_v3_0
INFO: [VRFC 10-163] Analyzing VHDL file "E:/jiaweiwei/Project/OFDM_Synchronization/OFDM_Synchronization.srcs/sources_1/ip/dsp48_ip_mul_add/xbip_pipe_v3_0/hdl/xbip_pipe_v3_0_vh_rfs.vhd" into library xbip_pipe_v3_0
INFO: [VRFC 10-307] analyzing entity xbip_pipe_v3_0_viv
INFO: [VRFC 10-163] Analyzing VHDL file "E:/jiaweiwei/Project/OFDM_Synchronization/OFDM_Synchronization.srcs/sources_1/ip/dsp48_ip_mul_add/xbip_pipe_v3_0/hdl/xbip_pipe_v3_0.vhd" into library xbip_pipe_v3_0
INFO: [VRFC 10-307] analyzing entity xbip_pipe_v3_0
INFO: [VRFC 10-163] Analyzing VHDL file "E:/jiaweiwei/Project/OFDM_Synchronization/OFDM_Synchronization.srcs/sources_1/ip/dsp48_ip_mul_add/xbip_dsp48_macro_v3_0/hdl/xbip_dsp48_macro_v3_0_vh_rfs.vhd" into library xbip_dsp48_macro_v3_0
INFO: [VRFC 10-307] analyzing entity xbip_dsp48_macro_rtl
INFO: [VRFC 10-307] analyzing entity xbip_dsp48_macro_synth
INFO: [VRFC 10-307] analyzing entity xbip_dsp48_macro_v3_0_viv
INFO: [VRFC 10-163] Analyzing VHDL file "E:/jiaweiwei/Project/OFDM_Synchronization/OFDM_Synchronization.srcs/sources_1/ip/dsp48_ip_mul_add/xbip_dsp48_macro_v3_0/hdl/xbip_dsp48_macro_v3_0.vhd" into library xbip_dsp48_macro_v3_0
INFO: [VRFC 10-307] analyzing entity xbip_dsp48_macro_v3_0
INFO: [VRFC 10-163] Analyzing VHDL file "E:/jiaweiwei/Project/OFDM_Synchronization/OFDM_Synchronization.srcs/sources_1/ip/dsp48_ip_mul_add/sim/dsp48_ip_mul_add.vhd" into library xil_defaultlib
INFO: [VRFC 10-307] analyzing entity dsp48_ip_mul_add
INFO: [VRFC 10-163] Analyzing VHDL file "E:/jiaweiwei/Project/OFDM_Synchronization/OFDM_Synchronization.srcs/sources_1/ip/dsp48_ip_mul/sim/dsp48_ip_mul.vhd" into library xil_defaultlib
INFO: [VRFC 10-307] analyzing entity dsp48_ip_mul
INFO: [USF-XSim-3] XSim::Elaborate design
INFO: [USF-XSim-61] Executing 'ELABORATE' step in 'E:/jiaweiwei/Project/OFDM_Synchronization/OFDM_Synchronization.sim/sim_1/behav'
Vivado Simulator 2015.2
Copyright 1986-1999, 2001-2015 Xilinx, Inc. All Rights Reserved.
Running: D:/Xilinx/15.2/Vivado/2015.2/bin/unwrapped/win64.o/xelab.exe -wto 89b8eba060cf4f92a4fcc10f3e2a1a35 --debug typical --relax --mt 2 -L xbip_dsp48_wrapper_v3_0 -L xbip_utils_v3_0 -L xbip_pipe_v3_0 -L xbip_dsp48_macro_v3_0 -L xil_defaultlib -L blk_mem_gen_v8_2 -L unisims_ver -L unimacro_ver -L secureip --snapshot test_phi_operator_behav xil_defaultlib.test_phi_operator xil_defaultlib.glbl -log elaborate.log 
Using 2 slave threads.
Starting static elaboration
Completed static elaboration
Starting simulation data flow analysis
Completed simulation data flow analysis
Time Resolution for simulation is 1ps
Compiling package std.standard
Compiling package ieee.std_logic_1164
Compiling package ieee.numeric_std
Compiling package std.textio
Compiling package xbip_utils_v3_0.xbip_utils_v3_0_pkg
Compiling package xbip_dsp48_macro_v3_0.xbip_dsp48_macro_v3_0_viv_comp
Compiling package xbip_dsp48_macro_v3_0.xbip_dsp48_macro_v3_0_pkg
Compiling package unisim.vcomponents
Compiling package ieee.std_logic_arith
Compiling package ieee.std_logic_signed
Compiling package ieee.vital_timing
Compiling package ieee.vital_primitives
Compiling package unisim.vpkg
Compiling architecture synth of entity xbip_pipe_v3_0.xbip_pipe_v3_0_viv [\xbip_pipe_v3_0_viv(0,0,0,0,0,0,...]
Compiling architecture dsp48e1_v of entity unisim.DSP48E1 [\DSP48E1(1,0,0,1,"NO_RESET","DIR...]
Compiling architecture synth of entity xbip_dsp48_wrapper_v3_0.xbip_dsp48e1_wrapper_v3_0 [\xbip_dsp48e1_wrapper_v3_0(1,1,1...]
Compiling architecture synth of entity xbip_pipe_v3_0.xbip_pipe_v3_0_viv [\xbip_pipe_v3_0_viv(0,0,0,0,0,0,...]
Compiling architecture synth of entity xbip_pipe_v3_0.xbip_pipe_v3_0_viv [\xbip_pipe_v3_0_viv(0,0,0,0,0,0,...]
Compiling architecture synth of entity xbip_pipe_v3_0.xbip_pipe_v3_0_viv [\xbip_pipe_v3_0_viv(0,0,0,0,0,0,...]
Compiling architecture synth of entity xbip_dsp48_macro_v3_0.xbip_dsp48_macro_synth [\xbip_dsp48_macro_synth(0,0,"zyn...]
Compiling architecture synth of entity xbip_dsp48_macro_v3_0.xbip_dsp48_macro_v3_0_viv [\xbip_dsp48_macro_v3_0_viv(0,0,"...]
Compiling architecture xilinx of entity xbip_dsp48_macro_v3_0.xbip_dsp48_macro_v3_0 [\xbip_dsp48_macro_v3_0(0,0,"zynq...]
Compiling architecture dsp48_ip_mul_arch of entity xil_defaultlib.dsp48_ip_mul [dsp48_ip_mul_default]
Compiling architecture dsp48e1_v of entity unisim.DSP48E1 [\DSP48E1(1,0,0,1,"NO_RESET","DIR...]
Compiling architecture synth of entity xbip_dsp48_wrapper_v3_0.xbip_dsp48e1_wrapper_v3_0 [\xbip_dsp48e1_wrapper_v3_0(1,1,1...]
Compiling architecture synth of entity xbip_dsp48_macro_v3_0.xbip_dsp48_macro_synth [\xbip_dsp48_macro_synth(0,0,"zyn...]
Compiling architecture synth of entity xbip_dsp48_macro_v3_0.xbip_dsp48_macro_v3_0_viv [\xbip_dsp48_macro_v3_0_viv(0,0,"...]
Compiling architecture xilinx of entity xbip_dsp48_macro_v3_0.xbip_dsp48_macro_v3_0 [\xbip_dsp48_macro_v3_0(0,0,"zynq...]
Compiling architecture dsp48_ip_mul_add_arch of entity xil_defaultlib.dsp48_ip_mul_add [dsp48_ip_mul_add_default]
Compiling module xil_defaultlib.complex_abs_power2_18
Compiling module blk_mem_gen_v8_2.BLK_MEM_GEN_v8_2_output_stage(C_...
Compiling module blk_mem_gen_v8_2.BLK_MEM_GEN_v8_2_output_stage(C_...
Compiling module blk_mem_gen_v8_2.BLK_MEM_GEN_v8_2_softecc_output_...
Compiling module blk_mem_gen_v8_2.BLK_MEM_GEN_v8_2_mem_module(C_CO...
Compiling module blk_mem_gen_v8_2.blk_mem_gen_v8_2(C_FAMILY="zynq"...
Compiling module xil_defaultlib.spram_32_64_ip
Compiling module xil_defaultlib.phi_operator_default
Compiling module xil_defaultlib.test_phi_operator
Compiling module xil_defaultlib.glbl
Waiting for 3 sub-compilation(s) to finish...
Built simulation snapshot test_phi_operator_behav
run_program: Time (s): cpu = 00:00:00 ; elapsed = 00:00:09 . Memory (MB): peak = 770.105 ; gain = 0.000
INFO: [USF-XSim-4] XSim::Simulate design
INFO: [USF-XSim-61] Executing 'SIMULATE' step in 'E:/jiaweiwei/Project/OFDM_Synchronization/OFDM_Synchronization.sim/sim_1/behav'
INFO: [USF-XSim-98] *** Running xsim
   with args "test_phi_operator_behav -key {Behavioral:sim_1:Functional:test_phi_operator} -tclbatch {test_phi_operator.tcl} -log {simulate.log}"
INFO: [USF-XSim-8] Loading simulator feature
Vivado Simulator 2015.2
Time resolution is 1 ps
source test_phi_operator.tcl
# set curr_wave [current_wave_config]
# if { [string length $curr_wave] == 0 } {
#   if { [llength [get_objects]] > 0} {
#     add_wave /
#     set_property needs_save false [current_wave_config]
#   } else {
#      send_msg_id Add_Wave-1 WARNING "No top level signals found. Simulator will start without a wave window. If you want to open a wave window go to 'File->New Waveform Configuration' or type 'create_wave_config' in the TCL console."
#   }
# }
# run 1000ns
 Block Memory Generator module loading initial data...
 Block Memory Generator data initialization complete.
Block Memory Generator module test_phi_operator.uut.u2_spram_32_64_ip.inst.native_mem_module.blk_mem_gen_v8_2_inst is using a behavioral model for simulation which will not precisely model memory collision behavior.
 Block Memory Generator module loading initial data...
 Block Memory Generator data initialization complete.
Block Memory Generator module test_phi_operator.uut.u3_spram_32_64_ip.inst.native_mem_module.blk_mem_gen_v8_2_inst is using a behavioral model for simulation which will not precisely model memory collision behavior.
 Block Memory Generator module loading initial data...
 Block Memory Generator data initialization complete.
Block Memory Generator module test_phi_operator.uut.u4_spram_32_64_ip.inst.native_mem_module.blk_mem_gen_v8_2_inst is using a behavioral model for simulation which will not precisely model memory collision behavior.
INFO: [USF-XSim-96] XSim completed. Design snapshot 'test_phi_operator_behav' loaded.
INFO: [USF-XSim-97] XSim simulation ran for 1000ns
launch_simulation: Time (s): cpu = 00:00:01 ; elapsed = 00:00:14 . Memory (MB): peak = 770.105 ; gain = 0.000
run all
close_sim
INFO: [Simtcl 6-16] Simulation closed
set_property top test_psi_operator [current_fileset]
update_compile_order -fileset sources_1
set_property top test_psi_operator [get_filesets sim_1]
set_property top_lib xil_defaultlib [get_filesets sim_1]
update_compile_order -fileset sources_1
reset_run synth_1
launch_runs synth_1 -jobs 2
INFO: [HDL 9-2216] Analyzing Verilog file "E:/jiaweiwei/Project/OFDM_Synchronization/OFDM_Synchronization.srcs/sources_1/code/tools/axis_interface_fifo.v" into library work [E:/jiaweiwei/Project/OFDM_Synchronization/OFDM_Synchronization.srcs/sources_1/code/tools/axis_interface_fifo.v:1]
INFO: [HDL 9-2216] Analyzing Verilog file "E:/jiaweiwei/Project/OFDM_Synchronization/OFDM_Synchronization.srcs/sources_1/code/tools/complex_abs_power2_18.v" into library work [E:/jiaweiwei/Project/OFDM_Synchronization/OFDM_Synchronization.srcs/sources_1/code/tools/complex_abs_power2_18.v:1]
INFO: [HDL 9-2216] Analyzing Verilog file "E:/jiaweiwei/Project/OFDM_Synchronization/OFDM_Synchronization.srcs/sources_1/code/data_dpram/data_dpram.v" into library work [E:/jiaweiwei/Project/OFDM_Synchronization/OFDM_Synchronization.srcs/sources_1/code/data_dpram/data_dpram.v:1]
INFO: [HDL 9-2216] Analyzing Verilog file "E:/jiaweiwei/Project/OFDM_Synchronization/OFDM_Synchronization.srcs/sources_1/code/ofdm_syn.v" into library work [E:/jiaweiwei/Project/OFDM_Synchronization/OFDM_Synchronization.srcs/sources_1/code/ofdm_syn.v:1]
INFO: [HDL 9-2216] Analyzing Verilog file "E:/jiaweiwei/Project/OFDM_Synchronization/OFDM_Synchronization.srcs/sources_1/code/operator/phi_operator.v" into library work [E:/jiaweiwei/Project/OFDM_Synchronization/OFDM_Synchronization.srcs/sources_1/code/operator/phi_operator.v:1]
INFO: [HDL 9-2216] Analyzing Verilog file "E:/jiaweiwei/Project/OFDM_Synchronization/OFDM_Synchronization.srcs/sources_1/code/operator/psi_operator.v" into library work [E:/jiaweiwei/Project/OFDM_Synchronization/OFDM_Synchronization.srcs/sources_1/code/operator/psi_operator.v:1]
INFO: [HDL 9-2216] Analyzing Verilog file "E:/jiaweiwei/Project/OFDM_Synchronization/OFDM_Synchronization.srcs/sources_1/code/tools/test_axis_interface_fifo.v" into library work [E:/jiaweiwei/Project/OFDM_Synchronization/OFDM_Synchronization.srcs/sources_1/code/tools/test_axis_interface_fifo.v:1]
INFO: [HDL 9-2216] Analyzing Verilog file "E:/jiaweiwei/Project/OFDM_Synchronization/OFDM_Synchronization.srcs/sources_1/code/data_dpram/test_data_dpram.v" into library work [E:/jiaweiwei/Project/OFDM_Synchronization/OFDM_Synchronization.srcs/sources_1/code/data_dpram/test_data_dpram.v:1]
INFO: [HDL 9-2216] Analyzing Verilog file "E:/jiaweiwei/Project/OFDM_Synchronization/OFDM_Synchronization.srcs/sources_1/code/operator/test_phi_operator.v" into library work [E:/jiaweiwei/Project/OFDM_Synchronization/OFDM_Synchronization.srcs/sources_1/code/operator/test_phi_operator.v:1]
INFO: [HDL 9-2216] Analyzing Verilog file "E:/jiaweiwei/Project/OFDM_Synchronization/OFDM_Synchronization.srcs/sources_1/code/operator/test_psi_operator.v" into library work [E:/jiaweiwei/Project/OFDM_Synchronization/OFDM_Synchronization.srcs/sources_1/code/operator/test_psi_operator.v:1]
[Tue Nov 22 17:08:30 2016] Launched synth_1...
Run output will be captured here: E:/jiaweiwei/Project/OFDM_Synchronization/OFDM_Synchronization.runs/synth_1/runme.log
launch_simulation
WARNING: [Vivado 12-3661] Failed to remove file:E:/jiaweiwei/Project/OFDM_Synchronization/OFDM_Synchronization.sim/sim_1/behav/xelab.pb
INFO: [USF-XSim-27] Simulation object is 'sim_1'
INFO: [USF-XSim-37] Inspecting design source files for 'test_psi_operator' in fileset 'sim_1'...
INFO: [USF-XSim-97] Finding global include files...
INFO: [USF-XSim-98] Fetching design files from 'sim_1'...
INFO: [USF-XSim-2] XSim::Compile design
INFO: [USF-XSim-61] Executing 'COMPILE' step in 'E:/jiaweiwei/Project/OFDM_Synchronization/OFDM_Synchronization.sim/sim_1/behav'
"xvlog -m64 --relax -prj test_psi_operator_vlog.prj"
INFO: [VRFC 10-2263] Analyzing Verilog file "E:/jiaweiwei/Project/OFDM_Synchronization/OFDM_Synchronization.srcs/sources_1/ip/spram_64_64_ip/blk_mem_gen_v8_2/simulation/blk_mem_gen_v8_2.v" into library blk_mem_gen_v8_2
INFO: [VRFC 10-311] analyzing module STATE_LOGIC_v8_2
INFO: [VRFC 10-311] analyzing module beh_vlog_muxf7_v8_2
INFO: [VRFC 10-311] analyzing module beh_vlog_ff_clr_v8_2
INFO: [VRFC 10-311] analyzing module beh_vlog_ff_pre_v8_2
INFO: [VRFC 10-311] analyzing module beh_vlog_ff_ce_clr_v8_2
INFO: [VRFC 10-311] analyzing module write_netlist_v8_2
INFO: [VRFC 10-311] analyzing module read_netlist_v8_2
INFO: [VRFC 10-311] analyzing module blk_mem_axi_write_wrapper_beh_v8_2
INFO: [VRFC 10-311] analyzing module blk_mem_axi_read_wrapper_beh_v8_2
INFO: [VRFC 10-311] analyzing module blk_mem_axi_regs_fwd_v8_2
INFO: [VRFC 10-311] analyzing module BLK_MEM_GEN_v8_2_output_stage
INFO: [VRFC 10-311] analyzing module BLK_MEM_GEN_v8_2_softecc_output_reg_stage
INFO: [VRFC 10-311] analyzing module BLK_MEM_GEN_v8_2_mem_module
INFO: [VRFC 10-311] analyzing module blk_mem_gen_v8_2
INFO: [VRFC 10-2263] Analyzing Verilog file "E:/jiaweiwei/Project/OFDM_Synchronization/OFDM_Synchronization.srcs/sources_1/ip/spram_64_64_ip/sim/spram_64_64_ip.v" into library xil_defaultlib
INFO: [VRFC 10-311] analyzing module spram_64_64_ip
INFO: [VRFC 10-2263] Analyzing Verilog file "E:/jiaweiwei/Project/OFDM_Synchronization/OFDM_Synchronization.srcs/sources_1/code/operator/psi_operator.v" into library xil_defaultlib
INFO: [VRFC 10-311] analyzing module psi_operator
INFO: [VRFC 10-2263] Analyzing Verilog file "E:/jiaweiwei/Project/OFDM_Synchronization/OFDM_Synchronization.srcs/sources_1/code/operator/test_psi_operator.v" into library xil_defaultlib
INFO: [VRFC 10-311] analyzing module test_psi_operator
INFO: [VRFC 10-2263] Analyzing Verilog file "E:/jiaweiwei/Project/OFDM_Synchronization/OFDM_Synchronization.sim/sim_1/behav/glbl.v" into library xil_defaultlib
INFO: [VRFC 10-311] analyzing module glbl
"xvhdl -m64 --relax -prj test_psi_operator_vhdl.prj"
INFO: [VRFC 10-163] Analyzing VHDL file "E:/jiaweiwei/Project/OFDM_Synchronization/OFDM_Synchronization.srcs/sources_1/ip/complex_multiplier_ip_16_16/xbip_utils_v3_0/hdl/xbip_utils_v3_0_vh_rfs.vhd" into library xbip_utils_v3_0
INFO: [VRFC 10-163] Analyzing VHDL file "E:/jiaweiwei/Project/OFDM_Synchronization/OFDM_Synchronization.srcs/sources_1/ip/complex_multiplier_ip_16_16/axi_utils_v2_0/hdl/axi_utils_v2_0_vh_rfs.vhd" into library axi_utils_v2_0
INFO: [VRFC 10-307] analyzing entity glb_srl_fifo
INFO: [VRFC 10-307] analyzing entity glb_ifx_slave
INFO: [VRFC 10-307] analyzing entity glb_ifx_master
INFO: [VRFC 10-307] analyzing entity axi_slave_2to1
INFO: [VRFC 10-307] analyzing entity axi_slave_3to1
INFO: [VRFC 10-307] analyzing entity axi_slave_4to1
INFO: [VRFC 10-163] Analyzing VHDL file "E:/jiaweiwei/Project/OFDM_Synchronization/OFDM_Synchronization.srcs/sources_1/ip/complex_multiplier_ip_16_16/xbip_pipe_v3_0/hdl/xbip_pipe_v3_0_vh_rfs.vhd" into library xbip_pipe_v3_0
INFO: [VRFC 10-307] analyzing entity xbip_pipe_v3_0_viv
INFO: [VRFC 10-163] Analyzing VHDL file "E:/jiaweiwei/Project/OFDM_Synchronization/OFDM_Synchronization.srcs/sources_1/ip/complex_multiplier_ip_16_16/xbip_pipe_v3_0/hdl/xbip_pipe_v3_0.vhd" into library xbip_pipe_v3_0
INFO: [VRFC 10-307] analyzing entity xbip_pipe_v3_0
INFO: [VRFC 10-163] Analyzing VHDL file "E:/jiaweiwei/Project/OFDM_Synchronization/OFDM_Synchronization.srcs/sources_1/ip/complex_multiplier_ip_16_16/xbip_bram18k_v3_0/hdl/xbip_bram18k_v3_0_vh_rfs.vhd" into library xbip_bram18k_v3_0
INFO: [VRFC 10-307] analyzing entity xbip_bram18k_synth
INFO: [VRFC 10-307] analyzing entity xbip_bram18k_rtl
INFO: [VRFC 10-307] analyzing entity xbip_bram18k_v3_0_viv
INFO: [VRFC 10-163] Analyzing VHDL file "E:/jiaweiwei/Project/OFDM_Synchronization/OFDM_Synchronization.srcs/sources_1/ip/complex_multiplier_ip_16_16/xbip_bram18k_v3_0/hdl/xbip_bram18k_v3_0.vhd" into library xbip_bram18k_v3_0
INFO: [VRFC 10-307] analyzing entity xbip_bram18k_v3_0
INFO: [VRFC 10-163] Analyzing VHDL file "E:/jiaweiwei/Project/OFDM_Synchronization/OFDM_Synchronization.srcs/sources_1/ip/complex_multiplier_ip_16_16/mult_gen_v12_0/hdl/mult_gen_v12_0_vh_rfs.vhd" into library mult_gen_v12_0
INFO: [VRFC 10-307] analyzing entity op_resize
INFO: [VRFC 10-307] analyzing entity delay_line
INFO: [VRFC 10-307] analyzing entity cc_compare
INFO: [VRFC 10-307] analyzing entity luts
INFO: [VRFC 10-307] analyzing entity mult18
INFO: [VRFC 10-307] analyzing entity dsp
INFO: [VRFC 10-307] analyzing entity hybrid
INFO: [VRFC 10-307] analyzing entity ccm_dist_mem
INFO: [VRFC 10-307] analyzing entity ccm_sp_block_mem
INFO: [VRFC 10-307] analyzing entity ccm_dp_block_mem
INFO: [VRFC 10-307] analyzing entity ccm_syncmem
INFO: [VRFC 10-307] analyzing entity ccm_scaled_adder
INFO: [VRFC 10-307] analyzing entity ccm_operation
INFO: [VRFC 10-307] analyzing entity ccm
INFO: [VRFC 10-307] analyzing entity three_input_adder
INFO: [VRFC 10-307] analyzing entity multmxn_lut6
INFO: [VRFC 10-307] analyzing entity mult_gen_v12_0_viv
INFO: [VRFC 10-163] Analyzing VHDL file "E:/jiaweiwei/Project/OFDM_Synchronization/OFDM_Synchronization.srcs/sources_1/ip/complex_multiplier_ip_16_16/mult_gen_v12_0/hdl/mult_gen_v12_0.vhd" into library mult_gen_v12_0
INFO: [VRFC 10-307] analyzing entity mult_gen_v12_0
INFO: [VRFC 10-163] Analyzing VHDL file "E:/jiaweiwei/Project/OFDM_Synchronization/OFDM_Synchronization.srcs/sources_1/ip/complex_multiplier_ip_16_16/cmpy_v6_0/hdl/cmpy_v6_0_vh_rfs.vhd" into library cmpy_v6_0
INFO: [VRFC 10-307] analyzing entity delay_line
INFO: [VRFC 10-307] analyzing entity input_negation
INFO: [VRFC 10-307] analyzing entity three_input_adder
INFO: [VRFC 10-307] analyzing entity cmpy_xfft_so_sync
INFO: [VRFC 10-307] analyzing entity cmpy_mux2to1
INFO: [VRFC 10-307] analyzing entity cmpy_3_mult18_lut
INFO: [VRFC 10-307] analyzing entity cmpy_3_dsp48_mult
INFO: [VRFC 10-307] analyzing entity cmpy_3_dsp48
INFO: [VRFC 10-307] analyzing entity cmpy_4_mult18_lut
INFO: [VRFC 10-307] analyzing entity cmpy_4_dsp48_mult
INFO: [VRFC 10-307] analyzing entity cmpy_4_dsp48
INFO: [VRFC 10-307] analyzing entity cmpy_v6_0_synth
INFO: [VRFC 10-307] analyzing entity cmpy_v6_0_viv
INFO: [VRFC 10-163] Analyzing VHDL file "E:/jiaweiwei/Project/OFDM_Synchronization/OFDM_Synchronization.srcs/sources_1/ip/complex_multiplier_ip_16_16/cmpy_v6_0/hdl/cmpy_v6_0.vhd" into library cmpy_v6_0
INFO: [VRFC 10-307] analyzing entity cmpy_v6_0
INFO: [VRFC 10-163] Analyzing VHDL file "E:/jiaweiwei/Project/OFDM_Synchronization/OFDM_Synchronization.srcs/sources_1/ip/complex_multiplier_ip_16_16/sim/complex_multiplier_ip_16_16.vhd" into library xil_defaultlib
INFO: [VRFC 10-307] analyzing entity complex_multiplier_ip_16_16
run_program: Time (s): cpu = 00:00:01 ; elapsed = 00:00:14 . Memory (MB): peak = 805.492 ; gain = 0.000
INFO: [USF-XSim-3] XSim::Elaborate design
INFO: [USF-XSim-61] Executing 'ELABORATE' step in 'E:/jiaweiwei/Project/OFDM_Synchronization/OFDM_Synchronization.sim/sim_1/behav'
Vivado Simulator 2015.2
Copyright 1986-1999, 2001-2015 Xilinx, Inc. All Rights Reserved.
Running: D:/Xilinx/15.2/Vivado/2015.2/bin/unwrapped/win64.o/xelab.exe -wto 89b8eba060cf4f92a4fcc10f3e2a1a35 --debug typical --relax --mt 2 -L blk_mem_gen_v8_2 -L xil_defaultlib -L xbip_utils_v3_0 -L axi_utils_v2_0 -L xbip_pipe_v3_0 -L xbip_bram18k_v3_0 -L mult_gen_v12_0 -L cmpy_v6_0 -L unisims_ver -L unimacro_ver -L secureip --snapshot test_psi_operator_behav xil_defaultlib.test_psi_operator xil_defaultlib.glbl -log elaborate.log 
Using 2 slave threads.
Starting static elaboration
WARNING: [VRFC 10-278] actual bit length 69 differs from formal bit length 68 for port o_data [E:/jiaweiwei/Project/OFDM_Synchronization/OFDM_Synchronization.srcs/sources_1/code/operator/test_psi_operator.v:48]
Completed static elaboration
Starting simulation data flow analysis
Completed simulation data flow analysis
Time Resolution for simulation is 1ps
Compiling package std.standard
Compiling package ieee.std_logic_1164
Compiling package ieee.numeric_std
Compiling package std.textio
Compiling package xbip_utils_v3_0.xbip_utils_v3_0_pkg
Compiling package cmpy_v6_0.cmpy_v6_0_viv_comp
Compiling package axi_utils_v2_0.axi_utils_v2_0_pkg
Compiling package mult_gen_v12_0.mult_gen_v12_0_pkg
Compiling package ieee.std_logic_arith
Compiling package ieee.std_logic_signed
Compiling package cmpy_v6_0.cmpy_v6_0_pkg
Compiling package unisim.vcomponents
Compiling package mult_gen_v12_0.dsp_pkg
Compiling package ieee.vital_timing
Compiling package ieee.vital_primitives
Compiling package unisim.vpkg
Compiling architecture xilinx of entity cmpy_v6_0.delay_line [\delay_line("zynq",false,1,0,1,1...]
Compiling architecture xilinx of entity cmpy_v6_0.delay_line [\delay_line("zynq",false,0,0,17,...]
Compiling architecture xilinx of entity cmpy_v6_0.delay_line [\delay_line("zynq",false,0,0,25,...]
Compiling architecture xilinx of entity cmpy_v6_0.delay_line [\delay_line("zynq",false,0,0,16,...]
Compiling architecture xilinx of entity mult_gen_v12_0.delay_line [\delay_line("zynq",false,0,0,25,...]
Compiling architecture xilinx of entity mult_gen_v12_0.delay_line [\delay_line("zynq",false,0,0,18,...]
Compiling architecture dsp48e1_v of entity unisim.DSP48E1 [\DSP48E1(2,1,0,2,"NO_RESET","DIR...]
Compiling architecture xilinx of entity mult_gen_v12_0.delay_line [\delay_line("zynq",false,0,0,43,...]
Compiling architecture xilinx of entity mult_gen_v12_0.op_resize [\op_resize(17,16,0,0,0,25,18)\]
Compiling architecture xilinx of entity mult_gen_v12_0.dsp [\dsp("zynq",17,0,16,0,0,0,3,0,0,...]
Compiling architecture xilinx of entity cmpy_v6_0.cmpy_3_dsp48_mult [\cmpy_3_dsp48_mult("zynq",17,16,...]
Compiling architecture xilinx of entity mult_gen_v12_0.delay_line [\delay_line("zynq",false,0,0,25,...]
Compiling architecture xilinx of entity mult_gen_v12_0.delay_line [\delay_line("zynq",false,0,0,18,...]
Compiling architecture dsp48e1_v of entity unisim.DSP48E1 [\DSP48E1(1,1,0,1,"NO_RESET","DIR...]
Compiling architecture xilinx of entity mult_gen_v12_0.dsp [\dsp("zynq",17,0,16,0,0,0,3,0,0,...]
Compiling architecture xilinx of entity cmpy_v6_0.cmpy_3_dsp48_mult [\cmpy_3_dsp48_mult("zynq",17,16,...]
Compiling architecture xilinx of entity mult_gen_v12_0.dsp [\dsp("zynq",17,0,16,0,0,0,3,0,0,...]
Compiling architecture xilinx of entity cmpy_v6_0.cmpy_3_dsp48_mult [\cmpy_3_dsp48_mult("zynq",17,16,...]
Compiling architecture xilinx of entity cmpy_v6_0.input_negation [\input_negation("zynq",16,16,0,0...]
Compiling architecture xilinx of entity cmpy_v6_0.delay_line [\delay_line("zynq",false,0,0,1,0...]
Compiling architecture xilinx of entity cmpy_v6_0.delay_line [\delay_line("zynq",false,0,0,33,...]
Compiling architecture xilinx of entity cmpy_v6_0.cmpy_3_dsp48 [\cmpy_3_dsp48(0,"zynq",16,16,32,...]
Compiling architecture xilinx of entity cmpy_v6_0.cmpy_v6_0_synth [\cmpy_v6_0_synth(0,"zynq","xc7z0...]
Compiling architecture xilinx of entity cmpy_v6_0.cmpy_v6_0_viv [\cmpy_v6_0_viv(0,"zynq","xc7z045...]
Compiling architecture xilinx of entity cmpy_v6_0.cmpy_v6_0 [\cmpy_v6_0(0,"zynq","xc7z045",16...]
Compiling architecture complex_multiplier_ip_16_16_arch of entity xil_defaultlib.complex_multiplier_ip_16_16 [complex_multiplier_ip_16_16_defa...]
Compiling module blk_mem_gen_v8_2.BLK_MEM_GEN_v8_2_output_stage(C_...
Compiling module blk_mem_gen_v8_2.BLK_MEM_GEN_v8_2_output_stage(C_...
Compiling module blk_mem_gen_v8_2.BLK_MEM_GEN_v8_2_softecc_output_...
Compiling module blk_mem_gen_v8_2.BLK_MEM_GEN_v8_2_mem_module(C_CO...
Compiling module blk_mem_gen_v8_2.blk_mem_gen_v8_2(C_FAMILY="zynq"...
Compiling module xil_defaultlib.spram_64_64_ip
Compiling module xil_defaultlib.psi_operator_default
Compiling module xil_defaultlib.test_psi_operator
Compiling module xil_defaultlib.glbl
Waiting for 4 sub-compilation(s) to finish...
Built simulation snapshot test_psi_operator_behav
run_program: Time (s): cpu = 00:00:00 ; elapsed = 00:00:47 . Memory (MB): peak = 805.492 ; gain = 0.000
INFO: [USF-XSim-4] XSim::Simulate design
INFO: [USF-XSim-61] Executing 'SIMULATE' step in 'E:/jiaweiwei/Project/OFDM_Synchronization/OFDM_Synchronization.sim/sim_1/behav'
INFO: [USF-XSim-98] *** Running xsim
   with args "test_psi_operator_behav -key {Behavioral:sim_1:Functional:test_psi_operator} -tclbatch {test_psi_operator.tcl} -log {simulate.log}"
INFO: [USF-XSim-8] Loading simulator feature
Vivado Simulator 2015.2
Time resolution is 1 ps
source test_psi_operator.tcl
# set curr_wave [current_wave_config]
# if { [string length $curr_wave] == 0 } {
#   if { [llength [get_objects]] > 0} {
#     add_wave /
#     set_property needs_save false [current_wave_config]
#   } else {
#      send_msg_id Add_Wave-1 WARNING "No top level signals found. Simulator will start without a wave window. If you want to open a wave window go to 'File->New Waveform Configuration' or type 'create_wave_config' in the TCL console."
#   }
# }
# run 1000ns
 Block Memory Generator module loading initial data...
 Block Memory Generator data initialization complete.
Block Memory Generator module test_psi_operator.uut.u2_spram_64_64_ip.inst.native_mem_module.blk_mem_gen_v8_2_inst is using a behavioral model for simulation which will not precisely model memory collision behavior.
 Block Memory Generator module loading initial data...
 Block Memory Generator data initialization complete.
Block Memory Generator module test_psi_operator.uut.u3_spram_64_64_ip.inst.native_mem_module.blk_mem_gen_v8_2_inst is using a behavioral model for simulation which will not precisely model memory collision behavior.
 Block Memory Generator module loading initial data...
 Block Memory Generator data initialization complete.
Block Memory Generator module test_psi_operator.uut.u4_spram_64_64_ip.inst.native_mem_module.blk_mem_gen_v8_2_inst is using a behavioral model for simulation which will not precisely model memory collision behavior.
INFO: [USF-XSim-96] XSim completed. Design snapshot 'test_psi_operator_behav' loaded.
INFO: [USF-XSim-97] XSim simulation ran for 1000ns
launch_simulation: Time (s): cpu = 00:00:02 ; elapsed = 00:01:03 . Memory (MB): peak = 805.492 ; gain = 0.000
run all
close_sim
INFO: [Simtcl 6-16] Simulation closed
launch_simulation
WARNING: [Vivado 12-3661] Failed to remove file:E:/jiaweiwei/Project/OFDM_Synchronization/OFDM_Synchronization.sim/sim_1/behav/xelab.pb
INFO: [USF-XSim-27] Simulation object is 'sim_1'
INFO: [USF-XSim-37] Inspecting design source files for 'test_psi_operator' in fileset 'sim_1'...
INFO: [USF-XSim-97] Finding global include files...
INFO: [USF-XSim-98] Fetching design files from 'sim_1'...
INFO: [USF-XSim-2] XSim::Compile design
INFO: [USF-XSim-61] Executing 'COMPILE' step in 'E:/jiaweiwei/Project/OFDM_Synchronization/OFDM_Synchronization.sim/sim_1/behav'
"xvlog -m64 --relax -prj test_psi_operator_vlog.prj"
INFO: [VRFC 10-2263] Analyzing Verilog file "E:/jiaweiwei/Project/OFDM_Synchronization/OFDM_Synchronization.srcs/sources_1/ip/spram_64_64_ip/blk_mem_gen_v8_2/simulation/blk_mem_gen_v8_2.v" into library blk_mem_gen_v8_2
INFO: [VRFC 10-311] analyzing module STATE_LOGIC_v8_2
INFO: [VRFC 10-311] analyzing module beh_vlog_muxf7_v8_2
INFO: [VRFC 10-311] analyzing module beh_vlog_ff_clr_v8_2
INFO: [VRFC 10-311] analyzing module beh_vlog_ff_pre_v8_2
INFO: [VRFC 10-311] analyzing module beh_vlog_ff_ce_clr_v8_2
INFO: [VRFC 10-311] analyzing module write_netlist_v8_2
INFO: [VRFC 10-311] analyzing module read_netlist_v8_2
INFO: [VRFC 10-311] analyzing module blk_mem_axi_write_wrapper_beh_v8_2
INFO: [VRFC 10-311] analyzing module blk_mem_axi_read_wrapper_beh_v8_2
INFO: [VRFC 10-311] analyzing module blk_mem_axi_regs_fwd_v8_2
INFO: [VRFC 10-311] analyzing module BLK_MEM_GEN_v8_2_output_stage
INFO: [VRFC 10-311] analyzing module BLK_MEM_GEN_v8_2_softecc_output_reg_stage
INFO: [VRFC 10-311] analyzing module BLK_MEM_GEN_v8_2_mem_module
INFO: [VRFC 10-311] analyzing module blk_mem_gen_v8_2
INFO: [VRFC 10-2263] Analyzing Verilog file "E:/jiaweiwei/Project/OFDM_Synchronization/OFDM_Synchronization.srcs/sources_1/ip/spram_64_64_ip/sim/spram_64_64_ip.v" into library xil_defaultlib
INFO: [VRFC 10-311] analyzing module spram_64_64_ip
INFO: [VRFC 10-2263] Analyzing Verilog file "E:/jiaweiwei/Project/OFDM_Synchronization/OFDM_Synchronization.srcs/sources_1/code/operator/psi_operator.v" into library xil_defaultlib
INFO: [VRFC 10-311] analyzing module psi_operator
INFO: [VRFC 10-2263] Analyzing Verilog file "E:/jiaweiwei/Project/OFDM_Synchronization/OFDM_Synchronization.srcs/sources_1/code/operator/test_psi_operator.v" into library xil_defaultlib
INFO: [VRFC 10-311] analyzing module test_psi_operator
INFO: [VRFC 10-2263] Analyzing Verilog file "E:/jiaweiwei/Project/OFDM_Synchronization/OFDM_Synchronization.sim/sim_1/behav/glbl.v" into library xil_defaultlib
INFO: [VRFC 10-311] analyzing module glbl
"xvhdl -m64 --relax -prj test_psi_operator_vhdl.prj"
INFO: [VRFC 10-163] Analyzing VHDL file "E:/jiaweiwei/Project/OFDM_Synchronization/OFDM_Synchronization.srcs/sources_1/ip/complex_multiplier_ip_16_16/xbip_utils_v3_0/hdl/xbip_utils_v3_0_vh_rfs.vhd" into library xbip_utils_v3_0
INFO: [VRFC 10-163] Analyzing VHDL file "E:/jiaweiwei/Project/OFDM_Synchronization/OFDM_Synchronization.srcs/sources_1/ip/complex_multiplier_ip_16_16/axi_utils_v2_0/hdl/axi_utils_v2_0_vh_rfs.vhd" into library axi_utils_v2_0
INFO: [VRFC 10-307] analyzing entity glb_srl_fifo
INFO: [VRFC 10-307] analyzing entity glb_ifx_slave
INFO: [VRFC 10-307] analyzing entity glb_ifx_master
INFO: [VRFC 10-307] analyzing entity axi_slave_2to1
INFO: [VRFC 10-307] analyzing entity axi_slave_3to1
INFO: [VRFC 10-307] analyzing entity axi_slave_4to1
INFO: [VRFC 10-163] Analyzing VHDL file "E:/jiaweiwei/Project/OFDM_Synchronization/OFDM_Synchronization.srcs/sources_1/ip/complex_multiplier_ip_16_16/xbip_pipe_v3_0/hdl/xbip_pipe_v3_0_vh_rfs.vhd" into library xbip_pipe_v3_0
INFO: [VRFC 10-307] analyzing entity xbip_pipe_v3_0_viv
INFO: [VRFC 10-163] Analyzing VHDL file "E:/jiaweiwei/Project/OFDM_Synchronization/OFDM_Synchronization.srcs/sources_1/ip/complex_multiplier_ip_16_16/xbip_pipe_v3_0/hdl/xbip_pipe_v3_0.vhd" into library xbip_pipe_v3_0
INFO: [VRFC 10-307] analyzing entity xbip_pipe_v3_0
INFO: [VRFC 10-163] Analyzing VHDL file "E:/jiaweiwei/Project/OFDM_Synchronization/OFDM_Synchronization.srcs/sources_1/ip/complex_multiplier_ip_16_16/xbip_bram18k_v3_0/hdl/xbip_bram18k_v3_0_vh_rfs.vhd" into library xbip_bram18k_v3_0
INFO: [VRFC 10-307] analyzing entity xbip_bram18k_synth
INFO: [VRFC 10-307] analyzing entity xbip_bram18k_rtl
INFO: [VRFC 10-307] analyzing entity xbip_bram18k_v3_0_viv
INFO: [VRFC 10-163] Analyzing VHDL file "E:/jiaweiwei/Project/OFDM_Synchronization/OFDM_Synchronization.srcs/sources_1/ip/complex_multiplier_ip_16_16/xbip_bram18k_v3_0/hdl/xbip_bram18k_v3_0.vhd" into library xbip_bram18k_v3_0
INFO: [VRFC 10-307] analyzing entity xbip_bram18k_v3_0
INFO: [VRFC 10-163] Analyzing VHDL file "E:/jiaweiwei/Project/OFDM_Synchronization/OFDM_Synchronization.srcs/sources_1/ip/complex_multiplier_ip_16_16/mult_gen_v12_0/hdl/mult_gen_v12_0_vh_rfs.vhd" into library mult_gen_v12_0
INFO: [VRFC 10-307] analyzing entity op_resize
INFO: [VRFC 10-307] analyzing entity delay_line
INFO: [VRFC 10-307] analyzing entity cc_compare
INFO: [VRFC 10-307] analyzing entity luts
INFO: [VRFC 10-307] analyzing entity mult18
INFO: [VRFC 10-307] analyzing entity dsp
INFO: [VRFC 10-307] analyzing entity hybrid
INFO: [VRFC 10-307] analyzing entity ccm_dist_mem
INFO: [VRFC 10-307] analyzing entity ccm_sp_block_mem
INFO: [VRFC 10-307] analyzing entity ccm_dp_block_mem
INFO: [VRFC 10-307] analyzing entity ccm_syncmem
INFO: [VRFC 10-307] analyzing entity ccm_scaled_adder
INFO: [VRFC 10-307] analyzing entity ccm_operation
INFO: [VRFC 10-307] analyzing entity ccm
INFO: [VRFC 10-307] analyzing entity three_input_adder
INFO: [VRFC 10-307] analyzing entity multmxn_lut6
INFO: [VRFC 10-307] analyzing entity mult_gen_v12_0_viv
INFO: [VRFC 10-163] Analyzing VHDL file "E:/jiaweiwei/Project/OFDM_Synchronization/OFDM_Synchronization.srcs/sources_1/ip/complex_multiplier_ip_16_16/mult_gen_v12_0/hdl/mult_gen_v12_0.vhd" into library mult_gen_v12_0
INFO: [VRFC 10-307] analyzing entity mult_gen_v12_0
INFO: [VRFC 10-163] Analyzing VHDL file "E:/jiaweiwei/Project/OFDM_Synchronization/OFDM_Synchronization.srcs/sources_1/ip/complex_multiplier_ip_16_16/cmpy_v6_0/hdl/cmpy_v6_0_vh_rfs.vhd" into library cmpy_v6_0
INFO: [VRFC 10-307] analyzing entity delay_line
INFO: [VRFC 10-307] analyzing entity input_negation
INFO: [VRFC 10-307] analyzing entity three_input_adder
INFO: [VRFC 10-307] analyzing entity cmpy_xfft_so_sync
INFO: [VRFC 10-307] analyzing entity cmpy_mux2to1
INFO: [VRFC 10-307] analyzing entity cmpy_3_mult18_lut
INFO: [VRFC 10-307] analyzing entity cmpy_3_dsp48_mult
INFO: [VRFC 10-307] analyzing entity cmpy_3_dsp48
INFO: [VRFC 10-307] analyzing entity cmpy_4_mult18_lut
INFO: [VRFC 10-307] analyzing entity cmpy_4_dsp48_mult
INFO: [VRFC 10-307] analyzing entity cmpy_4_dsp48
INFO: [VRFC 10-307] analyzing entity cmpy_v6_0_synth
INFO: [VRFC 10-307] analyzing entity cmpy_v6_0_viv
INFO: [VRFC 10-163] Analyzing VHDL file "E:/jiaweiwei/Project/OFDM_Synchronization/OFDM_Synchronization.srcs/sources_1/ip/complex_multiplier_ip_16_16/cmpy_v6_0/hdl/cmpy_v6_0.vhd" into library cmpy_v6_0
INFO: [VRFC 10-307] analyzing entity cmpy_v6_0
INFO: [VRFC 10-163] Analyzing VHDL file "E:/jiaweiwei/Project/OFDM_Synchronization/OFDM_Synchronization.srcs/sources_1/ip/complex_multiplier_ip_16_16/sim/complex_multiplier_ip_16_16.vhd" into library xil_defaultlib
INFO: [VRFC 10-307] analyzing entity complex_multiplier_ip_16_16
INFO: [USF-XSim-3] XSim::Elaborate design
INFO: [USF-XSim-61] Executing 'ELABORATE' step in 'E:/jiaweiwei/Project/OFDM_Synchronization/OFDM_Synchronization.sim/sim_1/behav'
Vivado Simulator 2015.2
Copyright 1986-1999, 2001-2015 Xilinx, Inc. All Rights Reserved.
Running: D:/Xilinx/15.2/Vivado/2015.2/bin/unwrapped/win64.o/xelab.exe -wto 89b8eba060cf4f92a4fcc10f3e2a1a35 --debug typical --relax --mt 2 -L blk_mem_gen_v8_2 -L xil_defaultlib -L xbip_utils_v3_0 -L axi_utils_v2_0 -L xbip_pipe_v3_0 -L xbip_bram18k_v3_0 -L mult_gen_v12_0 -L cmpy_v6_0 -L unisims_ver -L unimacro_ver -L secureip --snapshot test_psi_operator_behav xil_defaultlib.test_psi_operator xil_defaultlib.glbl -log elaborate.log 
Using 2 slave threads.
Starting static elaboration
Completed static elaboration
Starting simulation data flow analysis
Completed simulation data flow analysis
Time Resolution for simulation is 1ps
Compiling package std.standard
Compiling package ieee.std_logic_1164
Compiling package ieee.numeric_std
Compiling package std.textio
Compiling package xbip_utils_v3_0.xbip_utils_v3_0_pkg
Compiling package cmpy_v6_0.cmpy_v6_0_viv_comp
Compiling package axi_utils_v2_0.axi_utils_v2_0_pkg
Compiling package mult_gen_v12_0.mult_gen_v12_0_pkg
Compiling package ieee.std_logic_arith
Compiling package ieee.std_logic_signed
Compiling package cmpy_v6_0.cmpy_v6_0_pkg
Compiling package unisim.vcomponents
Compiling package mult_gen_v12_0.dsp_pkg
Compiling package ieee.vital_timing
Compiling package ieee.vital_primitives
Compiling package unisim.vpkg
Compiling architecture xilinx of entity cmpy_v6_0.delay_line [\delay_line("zynq",false,1,0,1,1...]
Compiling architecture xilinx of entity cmpy_v6_0.delay_line [\delay_line("zynq",false,0,0,17,...]
Compiling architecture xilinx of entity cmpy_v6_0.delay_line [\delay_line("zynq",false,0,0,25,...]
Compiling architecture xilinx of entity cmpy_v6_0.delay_line [\delay_line("zynq",false,0,0,16,...]
Compiling architecture xilinx of entity mult_gen_v12_0.delay_line [\delay_line("zynq",false,0,0,25,...]
Compiling architecture xilinx of entity mult_gen_v12_0.delay_line [\delay_line("zynq",false,0,0,18,...]
Compiling architecture dsp48e1_v of entity unisim.DSP48E1 [\DSP48E1(2,1,0,2,"NO_RESET","DIR...]
Compiling architecture xilinx of entity mult_gen_v12_0.delay_line [\delay_line("zynq",false,0,0,43,...]
Compiling architecture xilinx of entity mult_gen_v12_0.op_resize [\op_resize(17,16,0,0,0,25,18)\]
Compiling architecture xilinx of entity mult_gen_v12_0.dsp [\dsp("zynq",17,0,16,0,0,0,3,0,0,...]
Compiling architecture xilinx of entity cmpy_v6_0.cmpy_3_dsp48_mult [\cmpy_3_dsp48_mult("zynq",17,16,...]
Compiling architecture xilinx of entity mult_gen_v12_0.delay_line [\delay_line("zynq",false,0,0,25,...]
Compiling architecture xilinx of entity mult_gen_v12_0.delay_line [\delay_line("zynq",false,0,0,18,...]
Compiling architecture dsp48e1_v of entity unisim.DSP48E1 [\DSP48E1(1,1,0,1,"NO_RESET","DIR...]
Compiling architecture xilinx of entity mult_gen_v12_0.dsp [\dsp("zynq",17,0,16,0,0,0,3,0,0,...]
Compiling architecture xilinx of entity cmpy_v6_0.cmpy_3_dsp48_mult [\cmpy_3_dsp48_mult("zynq",17,16,...]
Compiling architecture xilinx of entity mult_gen_v12_0.dsp [\dsp("zynq",17,0,16,0,0,0,3,0,0,...]
Compiling architecture xilinx of entity cmpy_v6_0.cmpy_3_dsp48_mult [\cmpy_3_dsp48_mult("zynq",17,16,...]
Compiling architecture xilinx of entity cmpy_v6_0.input_negation [\input_negation("zynq",16,16,0,0...]
Compiling architecture xilinx of entity cmpy_v6_0.delay_line [\delay_line("zynq",false,0,0,1,0...]
Compiling architecture xilinx of entity cmpy_v6_0.delay_line [\delay_line("zynq",false,0,0,33,...]
Compiling architecture xilinx of entity cmpy_v6_0.cmpy_3_dsp48 [\cmpy_3_dsp48(0,"zynq",16,16,32,...]
Compiling architecture xilinx of entity cmpy_v6_0.cmpy_v6_0_synth [\cmpy_v6_0_synth(0,"zynq","xc7z0...]
Compiling architecture xilinx of entity cmpy_v6_0.cmpy_v6_0_viv [\cmpy_v6_0_viv(0,"zynq","xc7z045...]
Compiling architecture xilinx of entity cmpy_v6_0.cmpy_v6_0 [\cmpy_v6_0(0,"zynq","xc7z045",16...]
Compiling architecture complex_multiplier_ip_16_16_arch of entity xil_defaultlib.complex_multiplier_ip_16_16 [complex_multiplier_ip_16_16_defa...]
Compiling module blk_mem_gen_v8_2.BLK_MEM_GEN_v8_2_output_stage(C_...
Compiling module blk_mem_gen_v8_2.BLK_MEM_GEN_v8_2_output_stage(C_...
Compiling module blk_mem_gen_v8_2.BLK_MEM_GEN_v8_2_softecc_output_...
Compiling module blk_mem_gen_v8_2.BLK_MEM_GEN_v8_2_mem_module(C_CO...
Compiling module blk_mem_gen_v8_2.blk_mem_gen_v8_2(C_FAMILY="zynq"...
Compiling module xil_defaultlib.spram_64_64_ip
Compiling module xil_defaultlib.psi_operator_default
Compiling module xil_defaultlib.test_psi_operator
Compiling module xil_defaultlib.glbl
Waiting for 4 sub-compilation(s) to finish...
Built simulation snapshot test_psi_operator_behav
run_program: Time (s): cpu = 00:00:00 ; elapsed = 00:00:23 . Memory (MB): peak = 809.859 ; gain = 0.000
INFO: [USF-XSim-4] XSim::Simulate design
INFO: [USF-XSim-61] Executing 'SIMULATE' step in 'E:/jiaweiwei/Project/OFDM_Synchronization/OFDM_Synchronization.sim/sim_1/behav'
INFO: [USF-XSim-98] *** Running xsim
   with args "test_psi_operator_behav -key {Behavioral:sim_1:Functional:test_psi_operator} -tclbatch {test_psi_operator.tcl} -log {simulate.log}"
INFO: [USF-XSim-8] Loading simulator feature
Vivado Simulator 2015.2
Time resolution is 1 ps
source test_psi_operator.tcl
# set curr_wave [current_wave_config]
# if { [string length $curr_wave] == 0 } {
#   if { [llength [get_objects]] > 0} {
#     add_wave /
#     set_property needs_save false [current_wave_config]
#   } else {
#      send_msg_id Add_Wave-1 WARNING "No top level signals found. Simulator will start without a wave window. If you want to open a wave window go to 'File->New Waveform Configuration' or type 'create_wave_config' in the TCL console."
#   }
# }
# run 1000ns
 Block Memory Generator module loading initial data...
 Block Memory Generator data initialization complete.
Block Memory Generator module test_psi_operator.uut.u2_spram_64_64_ip.inst.native_mem_module.blk_mem_gen_v8_2_inst is using a behavioral model for simulation which will not precisely model memory collision behavior.
 Block Memory Generator module loading initial data...
 Block Memory Generator data initialization complete.
Block Memory Generator module test_psi_operator.uut.u3_spram_64_64_ip.inst.native_mem_module.blk_mem_gen_v8_2_inst is using a behavioral model for simulation which will not precisely model memory collision behavior.
 Block Memory Generator module loading initial data...
 Block Memory Generator data initialization complete.
Block Memory Generator module test_psi_operator.uut.u4_spram_64_64_ip.inst.native_mem_module.blk_mem_gen_v8_2_inst is using a behavioral model for simulation which will not precisely model memory collision behavior.
INFO: [USF-XSim-96] XSim completed. Design snapshot 'test_psi_operator_behav' loaded.
INFO: [USF-XSim-97] XSim simulation ran for 1000ns
launch_simulation: Time (s): cpu = 00:00:02 ; elapsed = 00:00:29 . Memory (MB): peak = 809.859 ; gain = 0.000
run all
close_sim
INFO: [Simtcl 6-16] Simulation closed
exit
INFO: [Common 17-206] Exiting Vivado at Tue Nov 22 17:21:33 2016...
